homstrad/cpn60_TCP1/cpn60_TCP1.malf
homstrad/seatoxin/seatoxin.malf
homstrad/DAHP_synth_1/DAHP_synth_1.malf
homstrad/oat/oat.malf
homstrad/kunitz/kunitz.malf
homstrad/SRF-TF/SRF-TF.malf
homstrad/Glyco_hydro_18/Glyco_hydro_18.malf
homstrad/fabp/fabp.malf
homstrad/phc/phc.malf
homstrad/Cu_bind_like/Cu_bind_like.malf
homstrad/COX3/COX3.malf
homstrad/tgfb/tgfb.malf
homstrad/MCR_beta_N/MCR_beta_N.malf
homstrad/Acetyltransf/Acetyltransf.malf
homstrad/hormone_rec/hormone_rec.malf
homstrad/Haloperoxidase/Haloperoxidase.malf
homstrad/mmob/MMOB.malf
homstrad/GLA/GLA.malf
homstrad/mle/mle.malf
homstrad/Cys-protease-3C/Cys-protease-3C.malf
homstrad/svmp/svmp.malf
homstrad/COX2/COX2.malf
homstrad/AhpC-TSA/AhpC-TSA.malf
homstrad/ARM/ARM.malf
homstrad/BIR/BIR.malf
homstrad/LDLa/LDLa.malf
homstrad/FAD-oxidase_C/FAD-oxidase_C.malf
homstrad/B/B.malf
homstrad/MCR_alpha/MCR_alpha.malf
homstrad/DHH/DHH.malf
homstrad/int/int.malf
homstrad/NO_synthase/NO_synthase.malf
homstrad/lipocalin/lipocalin.malf
homstrad/biotin_lipoyl/biotin_lipoyl.malf
homstrad/PDZ/PDZ.malf
homstrad/mmp/mmp.malf
homstrad/Cyclodex_gly_tran/Cyclodex_gly_tran.malf
homstrad/cpa/cpa.malf
homstrad/Band_41_NME/Band_41_NME.malf
homstrad/FAD_binding_4/FAD_binding_4.malf
homstrad/galpha/galpha.malf
homstrad/UPF0076/UPF0076.malf
homstrad/DISIN/DISIN.malf
homstrad/ace/ace.malf
homstrad/Adenylsucc_synt/Adenylsucc_synt.malf
homstrad/icd/icd.malf
homstrad/EF_TS/EF_TS.malf
homstrad/annexin/annexin.malf
homstrad/pgk/pgk.malf
homstrad/lta/lta.malf
homstrad/TMV_coat/TMV_coat.malf
homstrad/Colicin_Pyocin/Colicin_Pyocin.malf
homstrad/bromodomain/bromodomain.malf
homstrad/hip/hip.malf
homstrad/igps/igps.malf
homstrad/lamb/lamb.malf
homstrad/chorismate_bind/chorismate_bind.malf
homstrad/hla/hla.malf
homstrad/Ribosomal_L1/Ribosomal_L1.malf
homstrad/TPR/TPR.malf
homstrad/rnh/rnh.malf
homstrad/RING/RING.malf
homstrad/cat3/cat3.malf
homstrad/rep/rep.malf
homstrad/Band_41_N/Band_41_N.malf
homstrad/RuBisCO_large/RuBisCO_large.malf
homstrad/P/P.malf
homstrad/CUB/CUB.malf
homstrad/MCR_alpha_NC/MCR_alpha_NC.malf
homstrad/toxin_2/toxin_2.malf
homstrad/FN1/FN1.malf
homstrad/fer4/fer4.malf
homstrad/PTB/PTB.malf
homstrad/kex/kex.malf
homstrad/Extradiol_dioxy/Extradiol_dioxy.malf
homstrad/S4/S4.malf
homstrad/cyclo/cyclo.malf
homstrad/PEP-utilizers/PEP-utilizers.malf
homstrad/Mur_ligase_C/Mur_ligase_C.malf
homstrad/ptpase/ptpase.malf
homstrad/dpo1/dpo1.malf
homstrad/cks/cks.malf
homstrad/GAL4/GAL4.malf
homstrad/planttoxin/planttoxin.malf
homstrad/ANK/ANK.malf
homstrad/TyrKc/TyrKc.malf
homstrad/CBS/CBS.malf
homstrad/tms/tms.malf
homstrad/AP_endonuc_2/AP_endonuc_2.malf
homstrad/MIF/MIF.malf
homstrad/DNA_PPF/DNA_PPF.malf
homstrad/Peptidase_S21/Peptidase_S21.malf
homstrad/S_100/S_100.malf
homstrad/ghf5/ghf5.malf
homstrad/NiFeSe_Hases/NiFeSe_Hases.malf
homstrad/CH/CH.malf
homstrad/cox/cox.malf
homstrad/cystatin/cystatin.malf
homstrad/FAD-oxidase_NC/FAD-oxidase_NC.malf
homstrad/PH/PH.malf
homstrad/mdd/mdd.malf
homstrad/cdh/cdh.malf
homstrad/ricin/ricin.malf
homstrad/GATase_2/GATase_2.malf
homstrad/fbpase/fbpase.malf
homstrad/DEATH/DEATH.malf
homstrad/MHC_II_N/MHC_II_N.malf
homstrad/TNF/TNF.malf
homstrad/toxin/toxin.malf
homstrad/xia/xia.malf
homstrad/CPS/CPS.malf
homstrad/intb/intb.malf
homstrad/pp/pp.malf
homstrad/LIM/LIM.malf
homstrad/KISc/KISc.malf
homstrad/parv/parv.malf
homstrad/RuBisCO_small/RuBisCO_small.malf
homstrad/Glyco_hydro_18_D2/Glyco_hydro_18_D2.malf
homstrad/sh3/sh3.malf
homstrad/cyto/cyto.malf
homstrad/alpha-amylase_C/alpha-amylase_C.malf
homstrad/Huristasin/Huristasin.malf
homstrad/GAF/GAF.malf
homstrad/TIL/TIL.malf
homstrad/Glyco_hydro_2/Glyco_hydro_2.malf
homstrad/citrate_synt/citrate_synt.malf
homstrad/igvar-h/igvar-h.malf
homstrad/Lipase_3/Lipase_3.malf
homstrad/kringle/kringle.malf
homstrad/Fork_head/Fork_head.malf
homstrad/Epimerase/Epimerase.malf
homstrad/thionin/thionin.malf
homstrad/bac_luciferase/bac_luciferase.malf
homstrad/csp/csp.malf
homstrad/cryst/cryst.malf
homstrad/porin/porin.malf
homstrad/ADF/ADF.malf
homstrad/mthina/mthina.malf
homstrad/Asp_Glu_race_D/Asp_Glu_race_D.malf
homstrad/ltb/ltb.malf
homstrad/MCR_beta/MCR_beta.malf
homstrad/asprs/asprs.malf
homstrad/NTP_transf_2_2/NTP_transf_2_2.malf
homstrad/Toprim/Toprim.malf
homstrad/Bacterial_PQQ/Bacterial_PQQ.malf
homstrad/sugbp/sugbp.malf
homstrad/ALBUMIN/ALBUMIN.malf
homstrad/Glyco_hydro_18_D1/Glyco_hydro_18_D1.malf
homstrad/tRNA_bind/tRNA_bind.malf
homstrad/trfl/trfl.malf
homstrad/B_lectin/B_lectin.malf
homstrad/PSI_PsaE/PSI_PsaE.malf
homstrad/cytc/cytc.malf
homstrad/PGAM/PGAM.malf
homstrad/Phage_integrase/Phage_integrase.malf
homstrad/aldosered/aldosered.malf
homstrad/Filamin/Filamin.malf
homstrad/ghf34/ghf34.malf
homstrad/leukocidin/leukocidin.malf
homstrad/aldose/aldose.malf
homstrad/RGS/RGS.malf
homstrad/LRR/LRR.malf
homstrad/dsrm/dsrm.malf
homstrad/ATP-gua_Ptrans/ATP-gua_Ptrans.malf
homstrad/HMA/HMA.malf
homstrad/sodfe/sodfe.malf
homstrad/molybdopterin/molybdopterin.malf
homstrad/Cys_Met_Meta_PP/Cys_Met_Meta_PP.malf
homstrad/rub/rub.malf
homstrad/UCR_TM/UCR_TM.malf
homstrad/ATP-synt/ATP-synt.malf
homstrad/dutpase/dutpase.malf
homstrad/gpr/gpr.malf
homstrad/rhv/rhv.malf
homstrad/zf-CCHH/zf-CCHH.malf
homstrad/KAS/KAS.malf
homstrad/histone/histone.malf
homstrad/Band_41_M/Band_41_M.malf
homstrad/oxidored_q6/oxidored_q6.malf
homstrad/pilin/pilin.malf
homstrad/subt/subt.malf
homstrad/C2/C2.malf
homstrad/Levi_coat/Levi_coat.malf
homstrad/igI/igI.malf
homstrad/Invasin/Invasin.malf
homstrad/DHOdehase/DHOdehase.malf
homstrad/Bcl-2/Bcl-2.malf
homstrad/THAUMATIN/THAUMATIN.malf
homstrad/adeno_fiber/adeno_fiber.malf
homstrad/tbpc/tbpc.malf
homstrad/prt/prt.malf
homstrad/GATA/GATA.malf
homstrad/Methyltransf_1/Methyltransf_1.malf
homstrad/aabp/aabp.malf
homstrad/PK/PK.malf
homstrad/gtp/gtp.malf
homstrad/ndk/ndk.malf
homstrad/UBQ/UBQ.malf
homstrad/sermam/sermam.malf
homstrad/ltn/ltn.malf
homstrad/mofe/mofe.malf
homstrad/slectin/slectin.malf
homstrad/EF1BD/EF1BD.malf
homstrad/DHHA2/DHHA2.malf
homstrad/Stap_Strp_toxin/Stap_Strp_toxin.malf
homstrad/rrm/rrm.malf
homstrad/rnr/rnr.malf
homstrad/alpha-amylase_NC/alpha-amylase_NC.malf
homstrad/ghf22/ghf22.malf
homstrad/GATase/GATase.malf
homstrad/NADHdh_2/NADHdh_2.malf
homstrad/mthinb/mthinb.malf
homstrad/Orn_DAP_Arg_deC/Orn_DAP_Arg_deC.malf
homstrad/tryp_alpha_amyl/tryp_alpha_amyl.malf
homstrad/alpha-amylase/alpha-amylase.malf
homstrad/cah/cah.malf
homstrad/igC1/igC1.malf
homstrad/HMG_box/HMG_box.malf
homstrad/sti/sti.malf
homstrad/hexapep/hexapep.malf
homstrad/ghf6/ghf6.malf
homstrad/RNase_HII/RNase_HII.malf
homstrad/Pro_CA/Pro_CA.malf
homstrad/Cyclotide/Cyclotide.malf
homstrad/gluts/gluts.malf
homstrad/EFTU_2/EFTU_2.malf
homstrad/thiored/thiored.malf
homstrad/Yers_vir_YopE/Yers_vir_YopE.malf
homstrad/inositol_P/inositol_P.malf
homstrad/grs/grs.malf
homstrad/Bac_rhodopsin/Bac_rhodopsin.malf
homstrad/aldedh/aldedh.malf
homstrad/acid_phosphat/acid_phosphat.malf
homstrad/MM_CoA_mutase/MM_CoA_mutase.malf
homstrad/AAA/AAA.malf
homstrad/ghf11/ghf11.malf
homstrad/ghf33/ghf33.malf
homstrad/peroxidase/peroxidase.malf
homstrad/igV/igV.malf
homstrad/ferritin/ferritin.malf
homstrad/cytprime/cytprime.malf
homstrad/MHC_II_beta_NC/MHC_II_beta_NC.malf
homstrad/myb_DNA-binding/myb_DNA-binding.malf
homstrad/Bac_DNA_binding/Bac_DNA_binding.malf
homstrad/apbact/apbact.malf
homstrad/kinase/kinase.malf
homstrad/TRANSTHYRETIN/TRANSTHYRETIN.malf
homstrad/transketolase_PC/transketolase_PC.malf
homstrad/egf/egf.malf
homstrad/rnase/rnase.malf
homstrad/fer2/fer2.malf
homstrad/Lum_binding/Lum_binding.malf
homstrad/ccH/ccH.malf
homstrad/pnp/pnp.malf
homstrad/PAS/PAS.malf
homstrad/aat/aat.malf
homstrad/Propep_M14/Propep_M14.malf
homstrad/ENTH/ENTH.malf
homstrad/neurotox/neurotox.malf
homstrad/CBD_3/CBD_3.malf
homstrad/flav/flav.malf
homstrad/il8/il8.malf
homstrad/ABC_tran/ABC_tran.malf
homstrad/hr/hr.malf
homstrad/YgbB/YgbB.malf
homstrad/tRNA-synt_2b/tRNA-synt_2b.malf
homstrad/squash/squash.malf
homstrad/dhfr/dhfr.malf
homstrad/tln/tln.malf
homstrad/phoslip/phoslip.malf
homstrad/Nitroreductase/Nitroreductase.malf
homstrad/Ald_Xan_dh_1/Ald_Xan_dh_1.malf
homstrad/lyase_1/lyase_1.malf
homstrad/EGF_Lam/EGF_Lam.malf
homstrad/Cu_amine_oxid/Cu_amine_oxid.malf
homstrad/HTH_AraC/HTH_AraC.malf
homstrad/serbact/serbact.malf
homstrad/ghf10/ghf10.malf
homstrad/E2_C/E2_C.malf
homstrad/ung/ung.malf
homstrad/ngf/ngf.malf
homstrad/DUF170/DUF170.malf
homstrad/Cu_nir/Cu_nir.malf
homstrad/msb/msb.malf
homstrad/sh2/sh2.malf
homstrad/fkbp/fkbp.malf
homstrad/Antifreeze/Antifreeze.malf
homstrad/CPSase_L_chain/CPSase_L_chain.malf
homstrad/Sulfotransfer/Sulfotransfer.malf
homstrad/cbp/cbp.malf
homstrad/Ald_Xan_dh_2/Ald_Xan_dh_2.malf
homstrad/MCR_alpha_N/MCR_alpha_N.malf
homstrad/UcrQ/UcrQ.malf
homstrad/p450/p450.malf
homstrad/LMWPc/LMWPc.malf
homstrad/ghf7/ghf7.malf
homstrad/MHC_II_C/MHC_II_C.malf
homstrad/cyclin/cyclin.malf
homstrad/tRNA-synt_1/tRNA-synt_1.malf
homstrad/dCMP_cyt_deam/dCMP_cyt_deam.malf
homstrad/fn3/fn3.malf
homstrad/hexokinase/hexokinase.malf
homstrad/ghf18/ghf18.malf
homstrad/TIG/TIG.malf
homstrad/chromo/chromo.malf
homstrad/pec_lyase/pec_lyase.malf
homstrad/response_reg/response_reg.malf
homstrad/cbm12/cbm12.malf
homstrad/hom/hom.malf
homstrad/igvar-l/igvar-l.malf
homstrad/mycin/mycin.malf
homstrad/ghf1/ghf1.malf
homstrad/cyt5/cyt5.malf
homstrad/lipase/lipase.malf
homstrad/OTCace/OTCace.malf
homstrad/HATPase_c/HATPase_c.malf
homstrad/GEL/GEL.malf
homstrad/C1/C1.malf
homstrad/helicase_C/helicase_C.malf
homstrad/bv/bv.malf
homstrad/Peptidase_M24/Peptidase_M24.malf
homstrad/hemopexin/hemopexin.malf
homstrad/igcon/igcon.malf
homstrad/aadh/aadh.malf
homstrad/rvp/rvp.malf
homstrad/ligase-CoA/ligase-CoA.malf
homstrad/ech/ech.malf
homstrad/bowman/bowman.malf
homstrad/phs/phs.malf
homstrad/pot/pot.malf
homstrad/blm/blm.malf
homstrad/CBM_20/CBM_20.malf
homstrad/Ribosomal_L6_D/Ribosomal_L6_D.malf
homstrad/adh/adh.malf
homstrad/ins/ins.malf
homstrad/actin/actin.malf
homstrad/ghf14/ghf14.malf
homstrad/blmb/blmb.malf
homstrad/sodcu/sodcu.malf
homstrad/SAP/SAP.malf
homstrad/pdc/pdc.malf
homstrad/plantltp/plantltp.malf
homstrad/ldh/ldh.malf
homstrad/Rhodanese/Rhodanese.malf
homstrad/recombinase/recombinase.malf
homstrad/rnasemam/rnasemam.malf
homstrad/gpdh/gpdh.malf
homstrad/WW/WW.malf
homstrad/PA_phosphatase/PA_phosphatase.malf
homstrad/laminin_G/laminin_G.malf
homstrad/ChtBD/ChtBD.malf
homstrad/RuBisCO_large_N/RuBisCO_large_N.malf
homstrad/MCR_beta_NC/MCR_beta_NC.malf
homstrad/Sm/Sm.malf
homstrad/adk/adk.malf
homstrad/protg/protg.malf
homstrad/HGTP_anticodon/HGTP_anticodon.malf
homstrad/helicase_NC/helicase_NC.malf
homstrad/SBP_bacterial_1/SBP_bacterial_1.malf
homstrad/GBP_PSP/GBP_PSP.malf
homstrad/MCR_gamma/MCR_gamma.malf
homstrad/uce/uce.malf
homstrad/cys/cys.malf
homstrad/reductases/reductases.malf
homstrad/glnasn/glnasn.malf
homstrad/RuBisCO_large_NC/RuBisCO_large_NC.malf
homstrad/ets/ets.malf
homstrad/LuxS/LuxS.malf
homstrad/Ribosomal_L7Ae/Ribosomal_L7Ae.malf
homstrad/cytb/cytb.malf
homstrad/transket_pyr/transket_pyr.malf
homstrad/RRF/RRF.malf
homstrad/MHC_II_alpha_NC/MHC_II_alpha_NC.malf
homstrad/tim/tim.malf
homstrad/phero/phero.malf
homstrad/profilin/profilin.malf
homstrad/kazal/kazal.malf
homstrad/sdr/sdr.malf
homstrad/Fapy_DNA_glyco/Fapy_DNA_glyco.malf
homstrad/DNA_pol3_beta/DNA_pol3_beta.malf
homstrad/DEAD/DEAD.malf
homstrad/ppase/ppase.malf
homstrad/scorptoxin/scorptoxin.malf
homstrad/serpin/serpin.malf
homstrad/ACPS/ACPS.malf
homstrad/DMRL_synthase/DMRL_synthase.malf
homstrad/asp/asp.malf
homstrad/MoCF_biosynth/MoCF_biosynth.malf
homstrad/HLH/HLH.malf
homstrad/Colicin/Colicin.malf
homstrad/lacI/lacI.malf
homstrad/cyt3/cyt3.malf
homstrad/Binary_toxA/Binary_toxA.malf
homstrad/proteasome/proteasome.malf
homstrad/EFTU_C/EFTU_C.malf
homstrad/fibrinogen_C/fibrinogen_C.malf
homstrad/transketolase_C/transketolase_C.malf
homstrad/NTP_transferase/NTP_transferase.malf
