d3n08a1    b.17.1              5
d1ufia1    a.30.4              1
d2gtta1    a.260.1             2
d6lcqa1    g.3.7              31
d2grga1    d.110.10            1
d1l3la2    d.110.5             1
d1fcya_    a.123.1            20
d1x91a_    a.29.6              3
d7cm1a_    b.68.1             16
d3bvxa1    a.8.3               5
d1y8xb1    c.111.1             4
d2h4oa1    d.368.1             1
d5ax2a_    g.41.17             2
d7rcaa1    d.258.1             3
d3c9za1    b.42.2             19
d4jbua1    e.46.1              1
d3ouga_    b.52.2             15
d2zhja_    a.65.1              3
d1cwva4    b.1.14              7
d4maca_    d.15.2             14
d7lvsb_    g.53.1              2
d2nr9a1    f.51.1              2
d1mw5a1    d.259.1             1
d2gaxa1    c.131.1             2
d6ucza_    c.1.21             10
d1tzva_    a.79.1              5
d4oo8a4    e.80.1              3
d2zxeb1    f.23.42             1
d1l3pa_    a.24.17             2
d1pp9j_    f.23.14             2
d1i6ua_    d.140.1             2
d1t3ba2    d.17.3              3
d1nvpb_    a.32.1              3
d1m2oa5    g.41.10             2
d6n59a3    c.96.1              1
d1fgha2    c.83.1              3
d1e8pa_    g.55.1              1
d3etja2    c.30.1             23
d1qh4a1    a.83.1              2
d4pc3c2    d.43.1              5
d3ge3c_    d.15.12             1
d1rq8a_    d.68.4              2
d1j6ra1    d.173.1             2
d2q07a2    c.18.1              8
d7mx5a1    c.51.2              2
d6ifka3    d.58.53            17
d1vjna1    d.157.1            41
d2ckaa1    d.76.2              2
d2b2ma1    b.165.1             1
d1ul5a_    g.72.1              2
d1v66a_    a.140.2             6
d1rf8b1    a.210.1             1
d3gqba1    b.49.1              5
d1ls1a1    a.24.13             5
d1q7ha2    d.17.6              5
d1un8a4    c.119.1            16
d2ccya_    a.24.3              9
d4dwra1    d.261.1             1
d2o70a1    a.288.1             3
d2enda_    a.18.1              1
d1urja_    e.58.1              1
d2q40a_    e.50.1              3
d1pyia1    g.38.1              5
d5b5eb_    f.55.1              2
d1dnpa2    c.28.1              7
d2bnka_    a.251.1             1
##d1oiga_    g.3.18              1 ##dali5 fail
d1guqa2    d.13.1             18
d1s6ya2    d.162.1            27
d2frea1    d.90.1             31
d1so9a_    b.146.1             1
d4he8c_    f.72.1              8
d1p4ea2    d.163.1             7
d1uynx_    f.4.5               1
d3op6a_    d.116.1             5
d1jv2b3    d.200.1             1
d2xzga1    b.69.6              1
d6g6ka1    a.38.1              7
d2h7aa1    d.350.1             1
d1mpga2    d.129.1             6
d2nr5a1    a.25.6              1
d1n62c1    d.87.2              6
d2icwg_    a.202.1             1
d1eara2    d.58.38             2
d1l5ja1    a.118.15            1
d1dl6a_    g.41.3             16
d1ofcx3    a.187.1             1
d3kdna1    d.58.9              7
d4doia_    d.36.1              1
d4m4da2    d.83.1              3
d3ar4a2    b.82.7              2
d2g3ra1    b.34.9             19
d1ydla1    d.295.1             3
d4xfja2    d.210.1             4
d6hwra1    b.1.12              1
d2nn4a1    a.272.1             1
d2jxta1    d.355.1             1
d1eiwa_    c.23.3              1
d1mw9x_    e.10.1              3
d1l8wa_    a.154.1             1
d3od5a_    c.17.1              8
d1vq8e2    d.141.1             6
d1iyba1    d.124.1             8
d2clyc_    f.45.1              1
d2k5wa1    b.40.13             1
d1ul1x2    c.120.1            12
d1u8va2    e.6.1              22
d3l00a1    c.55.7              3
d2es9a1    a.247.1             1
d1vrma1    d.96.2              2
d1fftc2    f.25.1              2
##d2jdii_    a.137.8             2 ##dali5 fail
d5b5ej_    f.23.32             1
d3rbba_    d.102.1             1
d1o75a3    b.120.1             1
d1dtdb_    g.30.1              1
d2f69a1    b.76.2              1
d1hyoa1    b.34.8              1
d5egna_    c.69.1            153
d3bzca1    a.60.2             15
d6vg5a_    a.190.1             2
d1oc0b_    g.64.1              1
d7cohd_    f.23.1              1
d2a9ua1    a.118.23            1
d5jhxa2    a.93.1              8
d4p79a1    f.63.1              3
d1chma1    c.55.2              3
d1olza3    g.16.2              3
d3dind_    f.23.28             2
d1ad2a_    e.24.1              3
d1zn6a1    d.303.1             5
d2im5a1    d.41.2             17
d1m3ya1    b.121.2             6
d1qbea_    d.85.1              3
d3m4ia_    e.78.1              1
d1ujna_    e.22.1             10
d3eyea_    c.38.1              5
d2hkta_    a.285.1             2
d2fzta1    a.46.3              1
d2d2ya_    a.255.1             1
d1vpja_    c.8.9               1
d1dlca2    b.77.2              6
d1x9la1    b.2.10              1
d2w9ha_    c.71.1             20
d2ex3b1    a.263.1             1
d2jova1    d.349.1             1
d1qw2a1    d.249.1             1
d2icga1    d.369.1             3
d1v5va2    d.250.1             5
d1wb9a4    d.75.2              2
d2k49a2    d.348.1             4
d2heqa1    b.34.20             1
d2ccva1    b.154.1             1
d1kg1a_    g.70.1              1
d1fpoa2    a.23.1              1
d2j73a_    b.3.1               8
d1h99a1    a.142.1             2
d2d0oa1    c.8.6               1
d1l0oc_    a.4.13              8
d1m5wa_    c.1.24              2
d6w0vb_    a.28.2              1
d1z0kb1    a.2.19              2
d1nyca1    b.61.2              5
d1z0pa1    a.2.18              1
d4cpai_    g.3.2               3
d1ou8a_    b.136.1             2
d1x3aa1    a.240.1             2
d3tnla1    c.58.1             19
d1hf8a1    a.7.8               4
d1fjge1    d.14.1             52
d1fvia2    d.142.2            10
d1ftra1    d.58.33             2
d4gvqa_    d.147.1             1
d5cm7a2    d.139.1            13
d3eaga1    c.5.1               4
d1f6va1    a.49.1              1
d1neia_    d.253.1             1
d1yq2a1    b.1.4              18
d3vdpa_    e.49.1              1
d1eq1a_    a.63.1              2
d5dysa_    f.13.1             20
d4wp9a1    d.58.29            13
d1iioa1    a.39.4              1
d3bu8a_    a.146.1             2
d1knza_    e.34.1              1
d1ylxa1    d.82.5              1
d1m41a_    c.1.16             14
d3er9b_    e.69.1              1
d1xrsb2    d.230.4             1
d2cwya1    a.246.2             2
d2r6ia1    d.381.1             2
d1izma_    a.199.1             1
d1xw3a1    d.268.1             4
d1nm2a1    c.19.1              7
d1x9na1    a.235.1             1
d2c1wa1    d.294.1             2
d3cx5c1    f.32.1              2
d2hldh1    b.93.1              3
d1n08a_    b.43.5              6
d2cz9a2    d.58.26            12
d2fe0a1    b.134.1             2
d1uura1    a.47.1              2
d2h8ea_    d.79.6              1
d2guka1    d.360.1             1
d3jcla3    e.83.1              1
d2pyqa1    a.279.1             1
d1e48p_    c.74.1              9
d1mnma_    d.88.1              2
d5d8va_    g.35.1              6
d4n7ta2    d.327.1             1
d1l1la_    c.7.1              12
d5epwa_    d.254.1             5
d1gp0a_    b.64.1              6
d7cohe_    a.118.11            2
d1n7va_    b.126.1             1
d2gfqa1    c.56.7              2
d1f3va_    d.58.22             1
d3f6ya_    c.23.14             8
d1txda1    a.87.1             10
d1ny9a_    a.181.1             1
d3goda_    e.79.1              4
d2pk8a_    d.274.1             1
d2sqca1    a.102.4            14
d2q73a_    a.204.1            11
##d2ciob_    b.1.26              4 ##dali5 fail
d6v9mb1    a.117.1             1
d3bq9a3    f.68.2              1
d2fhza1    d.311.1             1
d1sg2a_    f.48.1              1
##d1bi6h1    g.3.12              2 ##dali5 fail
d2i9xa1    d.366.1             1
d1t1ua1    c.43.1             22
d2gjva1    d.323.1             2
d1wh9a1    d.52.3              7
d2b0oe1    g.45.1              2
d2o3ia1    e.73.1              1
d4tn5a_    c.44.2              5
d2huha1    b.7.5               1
d3pzwa2    a.119.1             2
d1vq8c1    c.22.1              4
d1eara1    b.107.1             2
d2f4mb2    a.189.1             2
d1m56d_    f.23.8              1
d5m17a_    c.1.34              1
d6srta1    d.118.1            14
d1yf2a1    d.287.1             5
d5d7wa2    b.80.7              1
d2jrxa1    a.284.1             2
d1cola_    f.1.1               2
d1gwea_    e.5.1               5
d7kcva1    e.3.1              49
d5b5ez_    f.17.5              1
d4af1a1    d.91.1              2
d3llpa4    b.42.5              5
d1wfpa1    g.80.1              3
d4adya3    b.3.8               2
d1tula_    b.85.5              1
d1hn0a3    b.24.1              6
d1m5ya1    a.223.1             2
d1jw3a_    d.208.1             2
d1h3la_    a.177.1             5
d1xn8a_    a.229.1             1
d5ifpa3    b.149.1             2
d1slqa_    f.47.1              1
d7cohl_    f.23.6              1
d6rkga_    d.8.1               1
d2vv5a3    f.34.1              1
d2fi0a1    a.248.1             1
d3wtsb_    b.54.1              1
d6xlra2    b.69.1              1
d2pkgc1    g.92.1              1
d4q25a_    a.7.12              5
d1tm9a_    a.225.1             1
d3cx5d2    f.23.11             1
d1vlra2    d.246.1             1
d1g3pa2    b.37.1              4
d1lsla1    g.60.1              1
d1r8ia_    a.8.7               1
d1k82a2    b.113.1             6
d7a8ta1    a.7.1              11
d1d3ya_    e.12.1              1
d1ryla_    d.276.1             1
d3seba2    d.15.6             10
d4xfma_    c.146.1             2
d1qvia1    b.34.3              4
d1e9ga_    b.40.5              5
d1vq8i1    a.4.7               2
d2wb0x1    a.54.1              1
d1ef1c_    a.137.5             1
d4drib1    a.24.7              1
d5ko6a_    c.56.2             20
d7l0ea_    b.69.15             2
d6ly5j_    f.23.18             1
d1wnaa_    d.319.1             1
d2zxeb2    b.1.32              1
d1iwga6    d.225.1             2
d4maka_    d.58.58             5
d1g2ya_    a.34.2              1
d1ygya4    d.81.2              2
d2odma_    a.23.6              2
d6rvqa1    c.32.1              3
d5b5eu_    a.60.12             4
d3rkoj_    f.73.2              2
d1ewqa1    a.113.1             2
d2ebfx1    a.296.1             1
d1wy6a_    a.118.20            1
d1peqa1    a.98.1              2
d3h5qa3    d.41.3              3
d1x4sa1    g.85.1              3
d2f6hx_    a.118.27            3
d2a2la1    d.110.9             1
d2dwka_    a.256.1             1
d2g81i1    g.3.13              2
d1kafa_    d.199.1             1
d2dj6a_    d.96.1             18
d1iyjb1    a.170.1             1
d3im6a_    b.42.6              5
d4i6ya1    d.179.1             2
d2yu1a_    b.82.2             42
d4ogqa_    f.21.1              3
d2ewla1    g.91.1              2
d1xdpa1    a.7.15              2
d1q3qa2    c.8.5               3
d1y12a1    b.157.1             3
d1u0ta_    e.52.1              6
d1t94a1    d.240.1             5
d3ieza_    d.332.1             1
d3i94a_    d.248.2             1
d1f32a_    d.62.1              1
d4ayna1    f.4.1               8
d6b10a1    d.126.1            15
d1udxa3    d.242.1             1
d1grja1    a.2.1               3
d5b5ek_    f.23.36             1
d4igha_    c.1.4              27
d4htga2    d.50.2              2
d2zy9a3    f.57.1              1
d3mwpa2    a.300.1             1
d1ldja3    e.40.1              2
d2zxeg_    f.23.43             4
d2j0151    g.41.8             10
d6yac3_    f.43.1              4
d5fyza2    g.102.1             1
d2jgqa_    c.1.1               6
d2oara1    f.16.1              1
d1jg8a_    c.67.1            143
d1xtma_    b.1.8               6
d5gmkf_    d.395.1             1
d3buea_    d.74.2              2
d4bj8a_    b.61.1              6
##d1uf2a_    e.28.1              2 ##dali5 fail
d4rhaa_    d.79.7              9
d1q8da_    a.228.1             1
d1na6a1    b.142.1             3
d7ndya_    a.60.5              1
d1kyqa2    e.37.1              2
d2l6qa_    d.186.1             1
d2nqra1    b.85.6              4
d1w26a3    d.26.1             27
d1or7c_    a.180.1             1
d2ot3a_    a.222.1             1
d3d55a_    d.306.1             3
d2qrda_    d.129.6             4
d4g8ta1    d.54.1             39
d1pjua2    g.69.1              2
d3b0fa_    a.5.2              34
d2asfa1    b.45.1             46
d1lshb_    f.7.1               3
d1oaca4    d.82.1              1
d6fywa_    b.19.1              9
d5ycqa_    b.34.17             1
d1l6pa_    b.1.17              2
d2f5va2    d.16.1             24
d1vkma1    c.138.1             1
d2dlba1    b.174.1             1
d1kp6a_    d.58.25             1
d1eyfa_    g.48.1              1
d6t0ya_    d.194.1             5
d1jvga_    c.68.1             43
d1saua_    d.203.1             1
d1q1va1    a.159.4             1
d2czvc1    d.58.59             1
d1bama_    c.52.1             48
d1j6qa_    b.40.9              1
d1u96a_    a.17.1              2
d4isba_    e.23.1             26
d4uw2a5    d.402.1             2
d1ogmx1    b.133.1             1
d1fjgc2    d.53.1              1
d1chda_    c.40.1              1
d3bq9a1    d.58.65             1
d1utga_    a.101.1             3
d2aiba_    a.134.1             1
d1nrea_    a.13.1              2
d1t36a1    a.92.1              1
d3iam5_    d.307.1             1
d3pt6a1    g.95.1              1
d2hnua_    b.9.1               1
d4ydea_    a.118.6             5
d1k4ta1    a.2.8               1
d1gtta2    d.177.1            10
d1piwa1    b.35.1             20
d3qsvd_    d.164.1             1
d1bcoa1    b.48.1              1
d1vr8a1    d.312.1             1
d1loua_    d.58.14             4
d3h43a2    b.40.17             1
d5f4ca_    c.9.1               2
d2b3wa1    d.336.1             1
d1u84a_    a.230.1             1
d1j0ta_    a.163.1             1
d4icgc_    a.23.5              2
d3kpba_    d.37.1             32
d2fefa2    a.254.1             1
d3jb9y1    g.66.1              6
d1uxya2    d.146.1             2
d3ljqa_    d.153.1            42
d1nh1a_    e.45.1              1
d5wdda_    f.1.4              13
d4ee6a_    d.313.1             2
d1k8ta_    e.41.1              1
d3ff9a1    d.169.1            57
d4iyqa1    d.58.5             16
d1y9ia_    a.195.1             1
d3lvjc_    d.68.3              4
d4cr2x_    b.55.3              1
d2gf4a1    a.8.10              1
d2ixma1    a.268.1             3
d1fn9a_    d.196.1             1
d1is3a_    b.29.1             99
d1yu5x_    a.14.1              1
d1c17m_    f.18.1              1
d4jota1    c.14.1             69
d3ka1a_    a.280.1             3
d1mp1a1    a.188.1             1
d2cu2a1    b.81.4              1
d1u7la_    e.57.1              1
d2b1ea_    a.118.17            6
d1iwga3    d.58.44             4
d1q5za_    a.196.1             1
d6zk911    c.142.1             1
d1udxa1    b.117.1             1
d1wvka1    g.82.1              1
d3h9va1    d.230.8             1
d2fupa1    a.47.5              1
d1ag7a_    g.3.6              29
d3ndva_    d.154.1             2
d1lwba_    a.133.1             5
d2eq9c_    a.9.1               2
d4ltta1    d.298.1             5
d1nuia1    e.13.1              2
d1cbha_    g.3.8               1
d1vq8p1    a.94.1              1
d2ffma_    d.267.1             1
d2izxa_    a.31.1              2
d2g7ja1    d.198.5             2
d3pc7a_    c.15.1              8
d7c96b_    g.44.1             33
d1wina1    d.43.2              1
d1ze3c2    b.7.2               4
d2pw6a1    c.56.6              2
d1v6za1    b.122.1            37
d5m1ea2    d.333.1             1
d1iiea_    a.109.1             1
d1qksa2    b.70.2              1
d2vv5a1    b.38.1             27
d1lqbc_    b.3.3               1
d1qexa_    b.32.1              1
d6pypa2    a.100.1            40
d3tb5a_    d.127.1             9
d3eoja_    b.75.1              1
d1x0ca2    b.80.1             22
d1ou5a2    d.218.1            29
d2nxya1    d.172.1             1
d1qwga_    c.1.27              1
d1u94a2    d.48.1              2
d3dkma1    b.34.19             1
d4rgda_    a.64.2              1
d3f0pa2    d.357.1             2
d1smba_    d.111.1             4
d2aj7a1    b.158.1             1
d1xzpa1    a.24.25             1
d1uv7a_    d.67.4              1
d1vyia_    d.293.1             1
d5ktna1    c.145.1             1
d4atma_    a.238.1             8
d1puca_    d.97.1              1
d3qfta2    c.25.1             15
d1vaja1    d.309.1             1
d3i7ta_    d.79.1             16
d3ct6a1    c.54.1             10
d2cr9a1    d.297.1             1
d1dzfa2    d.78.1              1
d3pt9a1    b.34.12             3
d3buxb2    a.48.1              2
d1gvna_    a.8.2               1
d1pvma3    g.41.13             1
d2ofka_    a.96.1             11
d1rmja1    g.28.1              5
d7cohg_    f.23.2              1
d5yx6a_    c.123.1             6
d1q90a3    f.23.23             1
d1apja_    g.23.1              3
d4iyea1    g.7.1              18
d2o3bb2    d.221.1             1
d5r0db2    a.118.29            1
d2i5ua1    a.275.1             1
d3nuhb2    d.385.1             1
d1v7la_    c.8.2               6
d6jf8a_    d.167.1            12
d3hraa1    d.211.1            32
d1qwya_    b.84.3              3
d1zkea1    a.30.6              1
d1xaka_    b.1.24              1
d6t6ka1    a.175.1             1
d6zjka1    a.25.1             55
##d1dsqa_    g.40.1              4 ##dali5 fail
d1q3qa1    a.129.1             2
d1xhja1    d.52.8              4
d1yoza1    a.253.1             1
d1orua_    b.58.1              5
d1ybba_    d.230.5             1
d1nnva_    d.17.7              1
d2fdoa1    d.337.1             1
d3mjja1    b.23.3              1
d1r7la1    d.277.1             1
d1ffya3    c.26.1             53
d1y0ga_    b.61.6              4
d1wpba_    a.233.1             1
d3faua1    d.68.8              1
d1jcua_    d.115.1             5
d2hi7b1    a.29.15             1
d1lefa_    a.21.1             16
d2baia1    g.87.1              1
d6vrga1    a.4.10              2
d2p4oa1    b.68.6              6
d2fo1d1    a.137.14            1
d2i71a1    e.72.1              1
d1xu6a1    g.16.3              1
d1ku8.1    b.77.3              6 ## g1ku8.1
d1tkea2    d.67.1              3
d2fefa1    a.29.11             1
d2hkva1    a.213.1             7
d2cxya_    a.4.3               5
d1g5qa_    c.34.1              6
d1fxkc_    a.2.5               2
d2dpla2    d.52.2              1
d3boea_    c.154.1             1
d2pw4a_    d.380.1             1
d2hmza_    a.24.4              1
d1c1ka_    a.120.1             1
d6dw1a_    b.96.1              6
d1uf5a_    d.160.1             7
d3c9ga_    d.77.1              8
d2jg0a_    a.102.1            28
d1jmu.1    e.35.1              1 ## g1jmu.1
d1tuaa1    d.51.1             28
d2fbqa2    a.121.1            34
d1dcea2    b.7.4               1
d5bpba_    a.141.1             2
d4emta1    d.387.1             2
d2q3ta_    a.220.1             1
d1lr0a1    d.212.1             3
d2ihta1    c.31.1             20
d1ej5a_    a.68.1              1
d5b5ee_    f.23.38             2
d1iyjb2    a.171.1             1
d1twfl_    g.41.9              2
d1ufna1    d.217.1             3
d4eo7a1    c.23.2              4
d1oo0a_    d.232.1             1
d1wnya_    b.51.1              4
d2vgha_    g.25.1              1
d3uswa_    a.118.14            2
d1nnxa_    b.40.10             1
d3bp3a_    d.95.1              1
d4i6ya2    d.58.20             2
d6rkgb_    b.85.3              1
d3uqza1    a.60.17             1
d4i0na_    f.6.1               7
d1ewqa3    c.55.6              2
d1n99a1    b.36.1             88
d1rwia1    b.68.9              3
d3dnfa_    c.155.1             1
d1ig3a1    b.82.6              2
d1uuja_    a.221.1             1
d1z3eb1    a.60.3              3
d1pyya1    d.11.1              2
d1kqfb2    f.23.22             1
d2inpl_    d.137.1             3
d5xaqa_    c.110.1             5
d1f0la1    b.2.1               1
d3lhea_    d.190.1            16
d7ahka1    f.49.1              1
d1usub_    d.83.2              1
d2bz1a_    c.144.1             1
d1vbka2    d.308.1             4
d3by8a_    d.110.6            11
d1xlya_    a.232.1             1
d2y0ta_    a.274.1             1
d1vdza2    b.84.5              1
d1f46a_    d.129.4             1
d4ac9a3    b.44.1              6
d3bq9a2    c.129.1            11
d1fs1b1    a.157.1             1
d2hqva1    e.62.1              2
d1zava1    d.58.62             1
d2o5ha1    d.363.1             1
d2hs5a2    a.78.1              2
d2jrla_    c.23.1            100
d1u89a1    a.216.1             3
d1ijta_    b.42.1             16
d2bpa2_    b.121.5             7
d2ogxa_    c.73.1             14
d1aora1    a.110.1             2
d1lnsa1    a.40.2              1
d1bmlc3    d.15.5              4
d2g5xa_    d.165.1            14
d2bbha1    d.328.1             1
d5b5ex_    f.23.40             1
d1c4za_    d.148.1             3
d1kbla2    c.8.1               2
d1tlja_    d.282.1             1
d6rnia_    b.61.5              1
d2p8ia2    d.58.55             1
d7odca1    b.49.2              8
d1uwka_    e.51.1              1
d1jjcb6    b.153.1             2
d1k8ea2    c.27.1              3
d2a9sa1    c.51.5              1
d1g73a_    a.7.4               1
d1paqa_    a.118.1            59
d2joqa1    d.58.54             2
d1yc9a_    f.5.1               5
d1o98a1    c.105.1             1
d1v4aa1    a.24.16             6
d1l2ra_    c.1.25              1
d1jjda_    g.46.1             11
d1b4ra_    b.1.3               3
d1vyya_    b.115.1             1
d2db7a1    a.273.1             1
d1wdds_    d.73.1              3
d1zata2    d.335.1             1
d1ugia_    d.17.5              1
d7bmla_    a.24.12             1
d2fyuk_    f.23.15             1
d1vmia1    c.77.1             16
d2au5a1    a.244.1             1
d1vzia1    b.1.13              2
d1ou0a_    c.23.17             2
d3rg8a_    c.23.8              2
d2cdqa2    d.58.18            32
d1c0da_    c.1.8             135
d2izva1    a.271.1             2
d1xo8a_    b.1.25              1
d1vq8x1    d.29.1              1
d3fava_    a.25.3              4
d1tbge_    a.137.3             2
d5lj3n2    g.100.1             1
d1k32a3    b.69.9              1
d3db7a1    d.98.2              2
d5w83b_    c.97.3              6
d1js8a1    a.86.1              5
d3kg2a3    f.14.2              1
d1nppa2    b.34.5             16
d1aisb2    a.74.1             25
d3hhya_    b.3.6               4
d1lg7a_    d.213.1             1
d2hg4a5    d.58.23             3
d6hsaa1    c.23.13             2
d1l7ca1    a.24.9             12
d5z1fa1    f.68.1              2
d2gzta_    d.275.1             1
d3kfla2    a.27.1             15
d1wica1    b.1.11              6
d1vkya_    e.53.1              1
d5i1mv_    f.65.1              1
d1tifa_    d.15.8              1
d2c61a2    a.69.1              7
d2b1xa1    b.33.1             17
d1cuka1    a.5.1               3
d1iwga7    f.35.1              2
d1ct7a1    g.29.1              1
d5ysza2    c.93.1             98
d1wjxa_    b.111.1             1
d1jv2b4    g.3.11             37
d1xpna1    b.3.7               1
d3s8gc_    f.23.9              1
d1no7a_    e.48.1              1
d1hy9a_    g.3.17              1
d1qf8a_    g.41.4              1
d1ug7a1    a.24.24             1
d7eama_    d.318.1             2
d2c42a4    c.64.1              1
##d4ogqh_    f.23.27             1 ##dali5 fail
d1ka1a_    e.7.1              15
d3rssa1    c.104.1             2
d2f3la1    b.80.8              4
d1mdah_    b.69.2              5
d2c0sa1    a.30.7              1
d1srqa_    e.55.1              1
d1khya_    a.174.1             4
d2xwsa1    c.92.1              5
d1bnba_    g.9.1              17
d1rm6b2    d.145.1            24
d1f0aa_    d.57.1              1
d3lqwa_    b.85.4             15
d3r72a_    a.39.2             13
d1k20a_    c.107.1             3
d5dvha_    b.42.4             18
d1iqza_    d.58.1             24
d1je5a_    b.40.4            130
d1h2sb_    f.17.4              1
d1w99a1    f.1.3               3
d1qrea_    b.81.1             24
d1yvua3    c.44.3              6
d3u28b_    g.41.16             2
d1bb8a_    d.10.1              6
d7bzka_    g.36.1              1
d6k0oa1    d.170.1             3
d1ze3d1    b.167.1             2
d1bbga_    g.6.1               1
d3ii7a_    b.68.11             4
d1vmha_    d.273.1             4
d2hiya1    d.356.1             1
d1k0ra4    d.202.1             2
d1t77a1    a.169.1             1
d7b1sb2    a.89.1              2
d2p62a1    e.67.1              1
d1e7la1    a.140.4             1
d3lofa1    a.8.4               3
d2qklb_    a.242.1             1
d2b5la3    a.297.1             1
d1f53a_    b.11.1             20
d1slua_    b.16.1              1
d3e9va1    d.370.1             1
d1a79a2    d.75.1              3
d1p35a_    b.28.1              1
d1tlwa1    f.4.6               1
d2d8va1    g.43.1              7
d1s99a_    d.58.48             6
d1xg9a4    b.46.1              6
d4ps6a1    d.233.1             2
d4iuwa_    d.92.1             42
d3bsua1    d.100.1             2
d1regx_    d.58.27             1
d1sr9a3    d.270.1             1
d1e8ca1    c.98.1              2
d4l6ha2    c.1.22              6
d1qd1a1    d.58.34             2
d6m0rd1    f.17.1              3
d6vk6c_    a.23.3              1
d2p8qb_    g.88.2              1
d2masa_    c.70.1              8
d1zbta1    e.38.1              2
d3rqza1    d.159.1            25
d4pxhb1    a.28.1             16
d2kcga_    g.3.3               4
d16vpa_    d.180.1             1
d1oaca2    d.17.2             10
d1krha1    b.43.4             23
d1sf9a1    b.34.15             1
d4hlsa_    d.6.1               3
d4peoa_    d.64.2              3
d1f35a_    b.94.1              1
d2ozbb1    a.183.1             4
d1kb0a2    b.70.1              4
d1zt2b1    a.262.1             1
d2lrra_    d.68.7              3
d1js8a2    b.112.1             1
d1opca_    a.4.6              30
d4ld8a1    b.31.1              2
d1j3aa_    c.21.1              2
d2gnxa1    a.246.3             1
d1a62a1    a.140.3             3
d4uypb_    a.139.1             6
d6xipb_    d.302.1             1
d1wvqa_    d.256.1             1
d1sqja2    b.69.13             8
d4fkea1    b.98.1              5
d2r7ja1    d.13.2              2
d2ag4a2    b.95.1              1
d1xova1    b.34.11             5
d2x63a_    c.130.1             1
d2ca6a_    c.10.1              5
d1r3na2    d.58.19             8
d3umha_    a.47.4              1
d2b71a1    b.62.1              9
d5a3la_    b.179.1             6
d1m8aa_    d.9.1              20
d7coha_    f.24.1              2
d1dlja3    c.26.3              2
d6trja_    a.48.4              1
d3r3qa_    d.20.1             28
d6koga1    c.95.1             57
d1u34a1    g.76.1              2
d1t7sa_    a.7.7               4
d1j2ma_    a.165.1             1
d7bm8a2    a.4.14              3
d1qoja_    a.2.9               1
d2fhzb_    d.243.1             2
d1ojha_    a.214.1             1
d1ug9a3    b.1.9               5
d5vfba_    c.1.13              1
d6nala1    f.69.1              5
d3t6el_    f.26.1              4
d2z1ea1    d.79.4             11
d2fmpa1    a.60.6              4
d4j9yb1    f.15.1              1
d2gkpa1    d.351.1             1
d2q6ka2    b.141.1             2
d2basa1    c.1.33              1
d3kqia1    g.50.1             21
d2hc5a1    d.352.1             1
d1zq1a1    b.38.3              1
d2g5gx1    c.150.1             4
d1dj0a_    d.265.1             9
d3krva_    c.8.8               3
d1pfoa2    b.183.1             1
d1ataa_    g.22.1              5
d1zhxa2    d.338.1             1
d4bcta_    b.25.1              2
d1el6a_    d.182.1             1
d2ooja1    b.159.2             2
##d1ansa_    g.11.1              1 ##dali5 fail
d1mqsa_    e.25.1              2
d4xb6b_    c.67.2              1
d1xqba_    e.56.1              1
d1hf2a2    c.102.1             1
d4gkfa_    a.70.2              2
d1m1eb_    a.161.1             1
d2d74b2    g.59.1              1
d1pzra_    a.38.2              1
d1sf8a1    d.271.1             1
d3bbda1    c.116.1            20
d1akpa_    b.1.7               2
d1u7ka_    a.73.1              8
d1t95a2    d.235.1             2
d2jnaa1    d.230.6             2
d1dj7b_    b.34.4              5
d1oa8a_    b.145.1             2
d3awub_    d.386.1             1
d1jmxa5    b.61.4              2
d2kzfa1    d.52.7              5
d3wdna_    b.84.1              9
d1qsaa1    a.118.5             1
d2ouxa1    a.118.26            2
d2x1wa_    g.17.1             17
d1ocya_    d.231.1             1
d1sj7a1    a.215.1             1
d1ha8a_    g.58.1              1
d5hdwa1    b.1.23              3
d1wiba1    d.47.1              2
d2gw6a1    c.52.2              4
d2pwwa1    d.129.11            1
d7b1sc_    d.58.31             5
d2ot2a1    b.40.14             3
d1avo.1    a.24.8              2 ## g1avo.1
d2woea_    a.209.1             2
d2keoa_    d.120.1             9
d1dysa_    c.6.1               4
d1nj7a_    g.63.1              1
d2fj6a1    a.60.15             2
d4eqpa_    b.40.1              1
d1rssa_    a.75.1              2
d6wegc2    a.45.1             63
d2ap3a1    a.24.27             1
d1bom.1    g.1.1               4 ## g1bom.1
d2icha1    b.176.1             1
d2gp4a2    d.334.1             1
d1om2a_    a.23.4              1
d7m3pa1    b.59.1              1
d2bvca1    d.15.9              3
d1k1fa_    a.147.1             1
d2qdfa1    d.391.1             9
d2zxea1    d.220.1             4
d1hr6a2    d.185.1            22
d3lzla_    b.1.33              2
d1mnna_    b.2.5              11
d3ccda_    d.94.1              4
d3k7pa_    c.121.1             6
d1ug9a4    b.30.5             27
d1q90r_    f.23.12             4
d4fyla1    d.204.1             5
d1dq3a2    d.50.3              3
d2qzca_    a.132.1            17
d2hhpa1    a.160.1             6
d1rgxa_    g.77.1              2
d5muxa_    e.44.1              1
d1pm4a_    b.135.1             1
d2dsma1    d.372.1             1
d1w5fa2    d.79.2              8
d4g26a2    g.103.1             1
d2omda_    d.41.5              6
d5tuvb_    e.63.1              3
d1v8ca2    d.129.5             1
d3pmsa1    b.121.1             4
d1hfes_    a.137.4             1
d4u9hs_    e.19.1              2
d1bm8a_    d.34.1              1
d1qs0a_    c.36.1             29
d1r5sa1    f.50.1              1
##d1dpjb_    a.137.7             1 ##dali5 fail
d5wsfa_    b.82.1             65
d2hg6a1    d.364.1             1
d2fm9a1    a.257.1             1
d2dy0a_    c.61.1             37
d2b5lc_    d.384.1             1
d4bcda1    b.69.7              7
d2cuna_    c.86.1              3
d2p0ta1    a.290.1             1
d2fbwc_    f.21.2              7
d1gxma1    a.102.5             2
d6sxta2    b.42.8              1
d4adya2    a.118.28            2
d1w2fa_    d.143.1             6
d3kyga1    b.45.2              3
d1jofa_    b.69.10             1
d1ow1a_    b.131.1             3
d1bxya_    d.59.1              2
d1pxea_    g.73.1              1
d2o8ra2    d.322.1             3
d2bjua1    b.50.1             20
##d2cmyb1    g.2.4               1 ##dali5 fail
d1mwfa1    c.1.5               4
d2hkja1    a.156.1             6
d1qhba_    a.111.1             4
d3vrna3    d.93.1             33
d3u7qb_    c.92.2             38
d2gr7a1    d.24.1             14
d6tj8a3    c.48.1              8
d1kf6b1    a.1.2               5
d5b5eh_    f.23.33             1
d2pp4a1    a.277.1             2
d3kjda1    a.41.1              3
d1q88a_    e.47.1              1
d1yspa1    d.110.2            21
d4lwua_    a.42.1              3
d2g6ta1    c.147.1             1
d3ze3a_    f.62.1              1
d1i0va_    d.1.1               5
d1olta_    c.1.28              3
d1s7ma_    b.144.1             1
d1ifra1    b.1.16              1
d2j0121    a.2.2               3
d1jb0k_    f.30.1              1
d4gh0a_    a.224.1             1
d2i5ha1    e.71.1              1
d1u55a_    d.278.1             4
d4al0a_    f.56.1              4
d1whna1    d.50.1             18
d2h1ta1    b.178.1             1
d1l2wi_    d.184.1             5
d4ua1a_    a.6.1              18
d2a73b6    b.23.4              2
d3d36c_    a.2.12              1
d1ncsa_    g.37.1             70
d2rlda1    a.29.16             2
d1gl0i_    g.4.1               2
d1dq3a4    d.95.2             12
d1v74b_    a.24.20             1
d4ovda1    d.175.1             6
d1qb2a_    a.36.1              4
d4c2mc1    d.74.3              6
d1lqva_    d.19.1             18
d1yu0a1    b.163.1             2
d1m6ia3    d.87.1             13
d1z1aa1    d.339.1             1
d1nkda_    a.30.1              1
d1v1ha1    b.83.1              2
d3oiga1    c.2.1             372
d3pnlb1    a.208.1             3
d3ov9a_    a.299.1             1
d3h9va3    d.230.9             1
d2v8qb1    d.353.1             2
d2eyqa1    b.34.18             1
d2q4ka_    d.86.1              6
d5b5ei_    f.23.37             1
d4n2ka2    b.2.9               1
d6z4ua_    b.164.1             1
d2hqsa1    b.68.4              1
d1ou5a1    a.173.1             3
d2g77a2    a.69.2              2
d2f4ia1    b.40.11             1
d2hnga1    d.33.1              2
d1c8ba_    c.56.1              2
d3ci3a1    a.25.2              6
d1ijqa1    b.68.5              2
d1v2za1    a.186.1             2
d1xoua_    a.231.1             2
d1i4ja_    d.55.1              2
d2i9ia1    c.51.6              2
d2nn6g2    b.84.4              6
d1k28a1    b.40.8              2
d2hbja2    c.55.3             61
d6id0n_    g.99.1              1
d1twff_    a.143.1             2
d3p54a1    f.10.1              3
d1ezga_    b.80.2              1
d3v98a1    b.12.1              5
d2z16a1    a.95.1              1
d1t07a1    d.279.1             1
d2fiya1    e.59.1              1
d1auua_    b.35.2              1
d6dkua_    d.388.1             2
d4o5ma2    a.29.3             19
d1kp8a3    d.56.1              2
d1ut7a1    b.143.1             1
d5syba_    g.101.1             1
d3rq7a1    d.223.1             4
d3hola3    b.181.1             2
d2glza1    d.81.3              2
d7d34a1    d.45.1              4
d2q9qd2    d.344.1             5
d6m9za_    d.22.1              7
d2onfa1    d.227.1             9
d2qamh1    d.99.1              2
d2pqca_    d.68.2              4
d3ntla1    c.60.1             15
d1jjcb4    d.58.13             1
d4e38a1    c.1.10             65
d1s7za_    a.159.3             1
d4n08a_    c.72.1             51
d2idob_    a.237.1             1
d4twla_    b.74.1             13
d1mkfa_    b.116.1             1
d4he8a_    f.73.3              2
d2fqma1    d.378.1             1
d7cohi_    f.23.3              1
d2qkwa1    a.8.8               1
d2i8da1    d.198.4             2
d2nw8a_    a.266.1             3
d1wh2a1    d.76.1              2
d1e3pa1    a.4.9               2
d6ac5a_    a.77.1             25
d1vc1a_    c.13.2              5
d3hhta_    d.149.1             1
d3oeqa_    d.82.2              4
d1bvp11    a.115.1             3
d1x4ta1    a.2.15              2
d4zeya1    a.7.16              1
d3axja1    a.118.16            1
d2osaa_    a.116.1            13
d1sr9a1    a.5.7               3
d4p3aa1    a.50.1              2
d2cjta1    b.7.1              28
d1vq8s1    d.12.1              6
d2bkma_    a.1.1              57
d2rh3a1    a.43.1             17
d1ig0a2    c.100.1             2
d3l00a2    a.4.2               1
d5ckla1    a.265.1             1
d4wiqa2    d.272.1             1
d1y71a1    b.34.16             1
d6k61m_    f.23.19             1
d2olra2    c.109.1             4
d2im5a2    c.1.17             10
d7kr0a_    c.50.1             14
d1zd0a1    d.329.1             1
d1o9ya_    b.139.1             2
d6wtib1    f.17.2              4
d5ybya_    b.67.4              2
d2gm5a_    c.53.1              4
d5c6na_    f.61.1              2
d1pp9h_    f.28.1              2
d2hvyb1    b.43.3             24
d1pi1a1    a.29.7              1
d3ifva1    d.131.1            34
d2oufa_    a.292.1             1
d3qv2a_    c.66.1            158
d5dzza1    d.211.2             2
d1r79a1    g.49.1              8
d1wp5a1    b.68.10             3
d1jlya1    b.42.3              2
d5id6a2    d.398.1             1
d1fjra_    b.102.1             1
d1qmha1    c.47.2              1
d1okga1    c.46.1             21
d7kria1    b.140.1             3
d1tiga_    d.68.1              3
d3pima1    d.58.28             3
d1eg3a1    a.39.1             73
d2f2ba_    f.19.1              7
d2fcja1    c.136.1             2
d1vq8k1    b.39.1              2
d1g7sa3    c.20.1              1
d4c2mg1    d.230.1             3
d1bg8a_    a.57.1              1
d7o74a2    d.72.1              1
d2ohwa1    d.79.8              1
d2lcka_    f.42.1              2
d1xipa1    b.69.14             2
d2hq4a1    d.342.1             1
d1wuza_    b.1.6              25
d4nkgb_    a.2.6               2
d5csma_    a.130.1            10
d1twfj_    a.4.11              1
d1ri6a1    b.69.11             1
d2cs7a1    d.9.2               1
d1914a2    d.49.1              3
d1ng7a1    a.178.1             1
d2icta_    a.35.1             37
d1ywya1    b.55.2              1
d4h27a_    c.79.1             20
d1sgoa_    d.82.3              1
d4yhva_    d.58.10            12
d2f09a1    b.61.8              1
d1sr8a_    e.54.1              1
d2i15a1    a.291.1             1
d3by5a1    c.151.1             3
d3fyba1    a.293.1             1
d1h5wa_    e.27.1              1
d1zj9a3    d.134.1             8
d2gpia1    d.354.1             1
d4h3ea2    d.44.1              8
d2clya1    f.52.1              1
d1l2pa_    f.23.21             1
d3bpda1    d.58.61             1
d2b7cb_    d.58.12             2
d2qalt1    a.7.6               2
d1k18a_    g.67.1              1
d3hqja_    d.150.1             7
d2khla_    d.247.1             1
d1q16c_    f.21.3              1
d6y3ba_    g.96.1              2
d1iuqa1    c.112.1             1
d1mk0a_    d.226.1             1
d1s2xa1    a.47.3              1
d1p5xa_    a.124.1             4
d1nexb1    a.158.1             4
d2xvla5    b.150.1             5
d2hgka1    a.29.17             1
d2n29a_    g.34.1              1
d2v1ya_    d.15.15             1
d1r9fa1    d.255.1             1
d1mx3a2    c.23.12            11
d2gu0a1    d.216.1             2
##d3p0ya2    g.3.9               7 ##dali5 fail
d1v65a1    a.212.1             1
d3ncia2    e.8.1              28
d4g7hd_    e.29.1              6
d3ft1a1    b.7.3               2
d3v93a_    a.211.1            34
d5d9ac1    d.361.1             2
d1jb3a_    b.40.3              6
d3ci0k2    a.60.16             2
d2az0a1    a.30.8              1
d4wsbc6    e.82.1              2
d2j6ka_    b.34.2             71
d5id6a3    b.111.2             1
d6y77a1    b.69.3              1
d1n6za_    d.263.1             1
d3cu7a4    b.1.29             19
d1rq6a_    a.4.15              1
d1rjlc_    b.76.1              2
d2j4wd1    g.61.1              2
d1kzqa1    b.6.2               2
d2dbya2    d.15.10             5
d4qa8a_    b.125.1             6
d1e2wa1    b.2.6               1
d3g68a1    c.80.1             17
d3ivva1    b.8.1               4
d1u3em1    d.4.1              11
d7acca_    d.205.1             1
d1tkja_    c.56.5             37
d1nlta3    g.54.1              2
d1pzqa1    a.34.3              1
d1c5ea_    b.85.2              1
d1zl0a1    c.8.10              1
d3rtla1    b.1.28              7
d3a9sa1    c.85.1              2
d2m9xa1    a.29.10             1
d4im9a_    a.236.1             2
d1orja1    a.24.19             3
d2z48a3    d.281.1             1
d1wkya1    b.18.1             79
d4ikca1    c.45.1             38
d2nlva1    d.326.1             3
d2j4ba1    d.379.1             3
d1p0ya1    a.166.1             1
d3kasa2    c.8.4               2
d1m1ca_    e.42.1              1
d1lmia1    b.1.19              1
d1a0tp_    f.4.3              18
d1kska3    d.66.1              7
d1mkya3    d.52.5              1
d1wlsa_    c.88.1              5
d1x9ba_    a.10.2              1
d7cv2a2    d.94.2              2
d3tk0a1    a.24.15             3
d1onfa2    c.3.1              74
d3nfta_    a.250.1             2
d1rk8c_    b.72.3              1
d1u7ga_    f.44.1              2
d1wixa1    a.40.3              1
d3h90a1    f.59.1              1
d2vz8a5    d.390.1             2
d2dsya1    d.304.1             2
d5jowa1    b.67.2              8
d1r6la2    d.101.1            15
d4enea_    f.20.1              1
d6ly5f1    f.23.16             1
d1t98a2    a.47.6              1
d1eg3a3    b.72.1              9
d2bkyx_    d.68.6              4
d2xmwa_    d.58.17            16
d2amha1    c.51.4              9
d2a90a1    d.289.1             3
d1szha1    a.226.1             1
d1j8ea_    g.12.1              5
d4uqra_    d.174.1             2
d3sk7a1    d.228.1             1
d4y1ra1    c.23.16            42
d4flda_    a.118.9            11
d6l0aa_    c.1.9              60
d6qqha_    d.110.3            22
d2hkna1    b.34.10             7
d1no1a1    a.179.1             1
d6np3a_    c.140.1             4
d1dk8a_    a.91.1              8
d1viba_    g.2.2               1
d4o5ja_    f.70.1              2
d2lpda1    d.100.2             3
d1sxja1    a.80.1             13
##d5b5et_    f.23.34             1 ##dali5 fail
d4qqwa4    d.401.1             1
d1vfia1    g.84.1              1
d1kjna_    c.115.1             1
d6ly5d_    d.187.1             1
d1vq821    a.137.1             1
d1l6ja1    a.20.1              5
d1cz4a2    d.31.1              5
d6z3ta_    f.41.1              3
d2goma1    a.7.17              1
d1p4ea1    a.60.9              3
d1am2a_    b.86.1              7
d3h9va2    b.184.1             1
d1t6aa_    d.129.8             1
d1usma_    d.74.1              3
d2vv5a2    d.58.43             1
d1ul1x1    a.60.7              5
d1abva_    a.70.1              1
d2a7ba_    b.1.10              5
d2wt3a3    b.1.31              1
d1nxha_    a.200.1             1
d5axwa3    d.393.1             3
d1zela1    a.4.5             252
d1z3xa2    a.261.1             1
d2q9qd1    a.278.1             4
d1v76a_    b.137.1             3
d2qq4a_    d.224.1             9
d3eeqa2    c.152.1             1
d3iam13    a.29.12             2
d1hlra8    d.133.1             5
d1oeda_    f.36.1              2
d1wmib1    a.137.13            1
d2jzka_    b.89.1              5
d1vq8l1    c.12.1              3
d1n7za_    b.127.1             1
d4pv1g_    f.23.26             1
d1ydua1    b.162.1             1
d1yiba1    a.245.1             1
d3bula1    a.46.1              1
d3mmca2    d.58.36             8
d1ibv.1    d.155.1             2 ## g1ibv.1
d1qd5a_    f.4.2               1
d1yvra1    a.118.25            1
d2e18a_    c.26.2             39
d1p90a_    c.55.5              5
d1ro2a_    d.264.1             4
d2ox7a1    b.172.1             3
d2p12a1    b.175.1             1
d5fmos_    b.121.4            44
d3rvca_    d.299.1             1
d1vzia2    g.41.5              7
d4p5aa_    d.207.1             2
d3ryce1    a.137.10            1
d1td6a_    a.234.1             1
d1r4ga_    a.8.5               2
d4jw0a_    b.40.15             4
d1t6ua_    a.24.22             1
d1us7b_    a.205.1             1
d1o5ya1    d.257.1             1
d4g6za2    a.97.1              9
d1p9ya_    d.241.2             1
d6h5bb_    d.110.7             5
d4iuja_    e.77.1              2
d1u6ka_    c.127.1             1
d1nxia1    d.58.47             1
d2qn6b_    d.58.51             2
d3bhpa_    a.2.21              1
d1pg6a_    b.82.5              3
d1utya_    b.147.1             1
d7jrjk_    d.58.6              5
d3aa7b_    e.43.1              2
d2ioja1    c.98.2              3
d2dfka2    b.55.1             86
d1r89a3    d.58.16             3
d2oa5a2    d.362.1             1
d2hfqa1    d.375.1             1
d1zela2    d.377.1             1
d1lwuc1    d.171.1             5
d2it9a1    d.18.1              7
d2a1va1    d.198.3             2
d3us3a1    c.47.1            215
d6thoa1    d.3.1              54
d3u1la2    d.58.7            129
d1f0la3    f.1.2               1
d5olla_    g.3.4               3
d3t7ya_    d.367.1             5
d1ux6a2    g.75.1              1
d1d6ga_    g.33.1              1
d1q90m_    f.23.25             2
d1vf7a_    f.46.1              2
d2fmaa1    d.230.3             2
d1bl0a2    a.4.1             113
d2a26a1    a.2.16              1
d1jfib_    a.22.1             23
d1dkva5    b.14.1              1
d5yxma_    c.10.3              1
d1vp7a_    a.7.13              1
d6v06a1    g.18.1             32
d1ykha_    a.252.1             2
d5tkma_    c.97.1             24
d1kve.1    d.70.1              2 ## g1kve.1
d1afpa_    g.26.1              1
d3w2wa4    a.24.30             4
d4wjka_    b.69.8              1
d1x6ia1    a.218.1             2
d1q2za_    a.118.19            1
d4i9oa_    a.12.1              1
d2zjr41    g.42.1              1
d1d1ra1    d.64.1              2
d2pifa1    d.382.1             1
d5f5ta_    a.118.30            2
d1x3la_    c.118.1             1
d5ik2g_    c.49.2              4
d2ahma1    a.8.9               1
d1o70a2    b.118.1             3
d4gena1    d.136.1            12
d4wwxb3    f.66.1              2
d4oxxa_    c.23.5             37
d1iu8a_    c.56.4              3
d1ixma_    d.123.1             1
d3l51b1    d.215.1             2
d2bh1x1    d.52.10             2
d2c2aa1    a.30.2              3
d1vkfa_    c.1.29              1
d5bq9a2    d.400.1             1
d4zdsa1    a.140.5             1
d2zjrs1    b.53.1              4
d2ftxa1    d.300.1             2
d1ufza1    a.5.9               1
d1l0sa_    b.81.2              1
d2joea1    d.371.1             1
d3mhsb_    a.301.1             2
d1wdda1    c.1.14              5
d1odha_    d.239.1             1
d3stoa_    e.1.1              25
d1z21a1    a.243.1             3
d4i9xc2    g.24.1             18
d1gnla_    e.26.1              3
d1tj2a1    a.176.1             1
d1utaa_    d.58.52             2
d3rkpa3    b.3.5               7
d3mc1a1    c.108.1           102
d4csda_    b.68.8              2
d1hd6a_    a.10.1              4
d1squa_    d.252.1             2
d4akma_    b.180.1             2
d2d74b1    d.241.1             2
d2f48a_    c.89.1              2
d1mg4a_    d.15.11             1
d3bjsa2    c.1.11             43
d1np7a1    a.99.1              5
d2ccqa1    d.314.1             1
d1u0sa_    d.58.24             2
d2l93a1    a.155.1             2
d1rp3b_    a.137.11            1
d1eo0a_    a.48.3              2
##d1zavu1    a.108.1             2 ##dali5 fail
d1orda3    d.125.1             1
d2crua1    a.5.6               2
d3ppma_    c.117.1             4
d1vr0a1    c.148.1             1
d1lkta_    b.90.1              1
d5y3ba_    d.15.1             78
d2gu3a1    d.17.1             18
d1nkzb_    f.3.1               9
d1tx9a1    a.84.1              1
d1uj8a1    a.159.5             1
d1f5na1    a.114.1             2
d6fgca1    b.103.1             3
d2x55a1    f.4.4               2
d7cohj_    f.23.4              1
d1k4za_    b.80.5              3
d1t3ta1    a.5.10              1
d1wvfa1    d.58.32             8
d3qvsa2    d.81.1             30
d1n0ea1    b.129.1             3
d1oisa_    e.15.1              1
d1zbpa1    e.61.1              1
d1ifwa1    a.144.1             5
d6l2aa1    b.34.6              7
d1m2oa1    a.71.2              2
d1roca1    b.1.22              2
d1hf2a1    b.80.3              1
d2xola1    a.184.1             4
d1tlha_    a.150.1             1
d1szia_    a.24.23             1
d5y4za2    c.37.1            344
d12asa_    d.104.1            29
d1dqca_    g.31.1              2
d2gnxa2    d.109.3             1
d2eyqa6    d.315.1             1
d1iw5a1    d.52.6              2
d1rrza_    a.7.10              1
d2v84a_    c.94.1            187
d4fywb1    d.58.2              1
d1pb5a_    g.65.1              1
d1sse.1    g.78.1              1 ## g1sse.1
d1biaa2    b.34.1              6
d1p3da3    c.72.2              8
d2ntka2    d.153.2             1
d4an8a_    e.81.1              1
d3cima1    d.58.56             5
d3k5ba1    d.81.4              3
d1kq6a_    d.189.1            13
d1x52a1    d.79.3             11
d1kmma1    c.51.1             13
d1hlra7    d.41.1              6
d3szva1    f.4.7               6
d1uptb_    a.193.1             1
d2doea1    a.159.2             6
d1dzfa1    c.52.3              1
d2auaa1    d.166.1            25
d1o22a_    d.238.1             1
d1b12a_    b.87.1              5
d1hi9a_    c.99.1              1
d3brfa3    b.42.7              1
d1hy5a_    a.24.11             3
d1zpsa1    b.168.1             1
d6e36a_    b.30.6              1
d3lxfa_    d.15.4             22
d3amra_    b.68.3              1
d3gmxa_    d.98.1              2
d1a6ja_    d.112.1             7
d1tjva_    a.127.1            13
d1aoaa1    a.40.1             17
d1pc6a_    d.262.1             1
d2aefa2    d.286.1             2
d3vypa2    b.160.1             3
d2zska2    c.78.2              8
d3zxya1    c.41.1             11
d2ia7a1    d.373.1             1
d1pfva3    g.41.1              1
d2ho9a_    b.40.7              4
d1n4ka1    a.118.22            1
d3cx5h_    f.23.13             2
d4iyja_    c.23.10            20
d5wopa_    d.397.1             3
d2rmra_    a.59.1              2
d2q22a1    d.365.1             1
d1yloa1    b.49.3              6
d3sfda3    a.7.3               6
d1zcza1    c.24.1              5
d1q2ha_    a.34.4              1
d2ffta1    g.88.1              1
d2i06a_    e.2.1               1
d1j26a1    d.50.4              1
d2clyb1    f.53.1              1
d1vpqa1    c.1.32              2
d1f7ua3    d.67.2              2
d2pjua1    c.92.3              1
d1ux5a_    a.207.1             2
d2jn4a1    b.173.1             1
d5ryoa2    a.11.2              4
d1x9da_    a.102.2             4
d1ct5a_    c.1.6              10
d1i8xa_    g.3.16              2
d4n6fa_    c.1.31              2
d5t1xb_    b.78.1              5
d1ss3a_    g.2.3               1
d2fb5a1    d.320.1             1
d1lnqa2    f.14.1             13
d1ogyb_    a.138.1            22
d3f0da_    d.79.5              3
d2elca1    a.46.2              4
d1jl0a_    d.156.1             4
d1wv3a1    b.26.1             22
d5ffga2    b.1.15              4
d1vkba1    d.269.1             3
d1g8ea_    a.145.1             1
d2qi2a1    b.38.4              2
d1nh2d2    b.56.1              3
d1k8kg_    a.118.13            1
d1nxja_    c.8.7               1
d6i0ia_    d.84.1              2
d3mw6a_    a.136.1             2
d1us6a_    a.2.13              1
d1uj6a2    d.58.40             2
d2h1qa2    c.67.3              1
d1ti6a2    c.81.1              9
d1vbwa_    d.40.1              3
d6wgya1    a.103.1             6
d3proc1    d.52.1              2
d4dyna_    e.75.1              1
d4hdra_    c.39.1              4
d2p8ta2    d.74.4              4
d2zxea4    f.33.1              2
d6ly5a_    f.29.1              1
d1hlra6    a.56.1              4
d1cgme_    a.24.5              2
d1sdia1    a.198.1             1
d1dkga1    b.73.1              1
d4uyba2    c.13.1              3
d2i0za2    e.74.1              2
d1p3da2    c.59.1              7
d1rooa_    g.19.1              3
d5mlka3    b.84.2             10
d2b5dx2    c.6.2              18
d1vzma_    g.32.1              3
d1su3a2    b.66.1              7
d5gpla_    d.305.1             5
d2hafa1    d.310.1             3
d1gh6a1    a.2.3              10
d1in0a1    d.58.49             2
d7beva1    a.118.8            63
d1dl5a2    d.197.1             1
d2oy9a1    a.276.1             1
d1z67a1    a.259.1             1
d2k2ca2    g.93.1              1
d5yfka_    b.100.1             3
d2k2ca1    g.89.1              1
d1cbya_    d.103.1             2
d1x0ga_    b.124.1             6
d1ss6a1    d.245.1             1
d1ei5a2    b.61.3              2
d1nz8a_    d.58.42             3
d1hdha_    c.76.1              9
d1l5xa1    c.106.1             2
d1yfsa1    a.203.1             1
d1of9a_    a.64.1              9
d4jg3a1    d.151.1            14
d1ywwa_    a.60.11             1
d5z1fa2    d.58.63             1
d1jnda2    d.26.3              7
d4m3pa_    c.1.26              2
d1n93x_    a.206.1             1
d1lpba2    g.3.10              4
d3nira_    g.13.1              2
d3fx7a1    a.25.5              1
d3l57a_    d.89.1              7
d1ok0a_    b.5.1               1
d2b5ua2    b.110.1             2
d6t6ea1    b.34.7              3
d1pv5a_    d.251.1             1
d2p90a1    c.56.8              1
d3rlff1    e.70.1              1
d5v8za1    a.71.1              2
d6tita_    e.76.1              3
d1pbyc_    a.137.9             1
d3r32a_    d.38.1             77
d1tl2a_    b.67.1              1
d1bgca_    a.26.1             33
d1erja_    b.69.4             28
d4fo2a_    b.40.2             20
d2wt3a2    c.23.11             3
d4esma_    d.178.1             2
d2oo2a1    a.8.11              2
d5id6a5    e.84.1              1
d1r8ea2    d.60.1              5
d3c9fa1    d.114.1             3
d2c1ia2    d.341.1             1
d1fjgs_    d.28.1              1
d5b5el_    f.23.31             1
d2joka_    a.168.1             2
d3fiqa_    b.60.1             51
d3cwca1    c.141.1             2
d2zyqa1    d.32.1             45
d1nbwb_    c.51.3              3
d2i1sa1    d.343.1             1
d2jdih1    a.2.10              3
d2b97a_    b.138.1             2
d5id6a4    a.302.1             1
d3gina_    b.1.27              4
d2j0111    d.325.1             5
d1uhaa1    g.3.1               3
d6zpea1    g.86.1              1
d1skva1    a.30.5              1
d6wlzn_    c.149.1             4
d2in5a1    b.177.1             1
d3dlua1    d.201.1             4
d2w9ua_    g.20.1              3
d1hufa_    d.195.1             1
d2ap1a1    c.55.1            102
d1gd8a_    d.188.1             2
d1sg7a1    a.239.1             1
d1vq8y1    c.9.2               1
d2olua1    d.2.1              22
d4p1ma_    d.244.1             2
d4d6ga2    b.24.2              2
d2q4qa2    c.103.1             3
d6rk7a2    d.130.1             6
d1zjca1    e.60.1              2
d1lpva_    g.62.1              1
d1aola_    b.20.1              1
d1enwa_    a.5.4               1
d1nzea_    a.24.18             1
d2czra1    c.52.4              1
d2jnea1    g.41.18             1
d2fk4a1    g.90.1              1
d2f0ca2    b.108.1             6
##d6trax_    f.23.20             1 ##dali5 fail
d3a9sa2    b.43.2              2
d1z8ua_    a.7.11              1
d1nj8a2    d.68.5              3
d1wy5a2    d.229.1             2
d1wlga_    b.152.1             1
d1n81a_    a.185.1             1
d1gpja1    a.151.1             1
d5m0yb1    b.3.2               3
d2fsya1    d.183.1             1
d1xsza2    d.129.9             1
d7cohh_    a.51.1              1
d2cc6a_    d.230.2             2
d1xfda1    b.70.3              2
d1o75a2    b.1.20              2
d1ko7a2    c.91.1              5
d3l12a_    c.1.18             16
d3lasa_    c.53.2             13
d3kdse2    a.269.1             1
d1x9za_    d.292.1             1
d1zcba1    a.66.1              3
d2bl8a1    a.29.8              2
d1boua_    a.88.1              1
d2dn5a1    d.288.1             4
d3mhra1    a.118.7             3
d4qb0a_    d.399.1             1
d4f2na1    a.2.11              9
d2m2la1    b.34.13            21
d3h90a2    d.52.9              2
d1pd3a_    a.30.3              1
d5jvlb2    d.142.1            29
d2ayda_    g.79.1              2
d3u1ua_    b.34.21             1
d2iaya1    d.376.1             1
d3dine_    f.17.6              2
d1vtz0_    b.121.7             3
d1bdfa2    d.181.1             3
d1cs6a1    b.1.1             239
d1tf5a1    a.162.1             1
d2avue1    e.64.1              1
d1m2oa2    b.2.8               2
d2j9wa1    a.24.28             2
d2phcb2    d.74.5              1
d3jqka_    d.58.21             2
d6z8mb_    e.18.1              6
d1r0ka1    a.69.3              2
d1qsda_    a.7.5               2
d2z0aa_    a.16.1              4
d3vb9a_    e.65.1              1
d1dvka_    a.72.1              1
d2g0da_    a.102.6             1
d1xjha_    g.81.1              2
d2pv4a1    a.286.1             1
d1i3oe_    g.52.1              5
d1h9fa_    a.140.1             3
d1v5ra1    d.82.4              1
d1af7a1    a.58.1              1
d2gtlm1    b.61.7              3
d7k3ka_    d.39.1              1
d1pn1a_    a.192.1             1
d2gmya1    a.152.1             9
d1f3ua_    b.65.1              4
d1iqoa_    d.214.1             1
d1szba1    b.23.1              9
d1u3em2    d.285.1             2
d4e29a_    d.58.60             3
d2i4f1_    d.330.1             1
d5mpra1    e.17.1             10
d1ztda1    a.149.1             4
d2d1pb1    c.114.1             9
d1zhqa1    d.230.7             1
d4uyba3    b.132.1             1
d4zh7a2    d.403.1             1
d1ehsa_    g.2.1               1
d2jrta1    a.4.12              4
d2hf1a1    b.171.1             1
d2okma_    b.2.3              22
d1vi7a2    d.58.11            10
d1ev0a_    d.71.1              2
d5nh6a_    c.1.15             13
d3g21a_    a.28.3              7
d2vy8a_    d.396.1             2
d1nlta2    b.4.1               7
d1bx7a_    g.3.15              5
d1z1wa3    b.1.30              4
d1v7za_    c.125.1             1
d2o8sa1    a.295.1             1
d1pprm1    a.131.1             1
d2hg7a1    d.186.2             1
d1jhna3    b.104.1             2
d2d4ua1    a.24.2              2
d1vmoa_    b.77.1              1
d1gpja3    d.58.39             1
d3cu7a9    g.94.1              2
d4am1a2    d.128.1             8
d1j3ma_    d.129.7             2
d6y8ya4    d.129.2             3
d2iiaa_    b.123.1             2
d1gm5a1    a.24.21             1
d7f4gd_    a.60.8             11
d1em8b_    c.126.1             1
##d1qcrd2    a.3.1              44 ##dali5 fail
d3typa1    d.63.1              6
d2btia_    b.151.1             2
d4ixna2    d.237.1             1
d2exda1    b.40.12             1
d2q4ia_    b.159.1             1
d3ga3a1    b.88.2              3
d2kq5a_    a.298.1             3
d3d19a1    a.29.13             4
d2a9da2    d.176.1             2
d2plga1    d.198.1            11
d3g60a1    f.37.1              6
d1dw7a_    g.41.6              1
##d3a0hy_    f.23.41             1 ##dali5 fail
d1n91a1    d.206.1             2
d1s1da_    b.67.3              1
d1dt9a1    c.55.4              7
d2k9xa_    d.15.3             12
d1xsza1    a.118.3             3
d1reqb2    c.23.6              5
d1v38a1    a.60.1             29
d2q6ka1    c.132.1             1
d2f5tx1    b.38.5              1
d2ca5a1    a.2.20              1
d1gs9a_    a.24.1              1
d1seta1    a.2.7               5
d1ybxa_    d.222.1             3
d1m65a_    c.6.3               3
d2p3pa1    d.383.1             1
d1nu9c2    a.8.6               2
d2ajaa1    a.118.24            1
d1i7qa_    d.161.1             6
##d1ozbi_    g.74.1              3 ##dali5 fail
d5njcb_    d.283.1             3
d1e44b_    b.101.1             1
d2bopa_    d.58.8              3
d2csba5    a.267.1             1
d2psba1    c.153.1             1
d6uxeb_    f.71.1              3
d2arca_    b.82.4              1
d4v08a_    b.57.1              3
d7kcva2    b.105.1             3
d2edma1    b.170.1             2
d1rsoa_    a.194.1             6
d4muva1    b.82.3             31
d2iaza1    a.281.1             3
d1v93a_    c.1.23              4
d1t36b1    c.8.3               1
d1nr3a_    d.236.1             1
d4e01a1    a.29.5              2
d4gq4a1    d.389.1             1
d1goia1    b.72.2              3
d2nzya_    c.87.1             41
d1kl9a1    a.60.14             3
d1tbaa_    a.15.1              1
d3q90a_    d.17.4             76
d1t4aa_    d.284.1             5
d3v8ha_    d.117.1             4
d1llaa1    a.85.1              2
d1osya_    b.1.21              1
d2oeza1    e.68.1              1
d1aoza2    b.6.1              52
d3bzca3    a.294.1             1
d1k04a_    a.24.14             1
d1ib8a2    d.52.4              1
d6vx8a_    f.67.1              2
d6lpha_    d.260.1             1
d3uaoa_    c.33.1             23
d2ou3a1    a.287.1             2
d3o63a1    c.1.3               3
d1k2yx3    c.84.1              6
d2phna_    d.340.1             1
d2j8ga1    b.109.1             2
d6trai_    f.23.17             1
d6u66a_    b.22.1             21
d1wosa1    b.44.2              5
d6zk912    d.15.13             1
d2fzpa1    d.345.1             1
d2cona1    g.41.15             1
d1bgfa_    a.90.1              1
d1vi6a_    c.23.15             2
d3ip4c_    a.137.12            1
d2fpna1    d.129.10            1
d6m0rb_    f.40.1              2
d1kxpd3    a.126.1             6
d2qi9a_    f.22.1              1
d2okua1    a.48.5              1
d3byqa1    d.79.9              2
d1vcca_    d.121.1             1
d1hqz1_    d.109.1            24
d3dina2    a.172.1             3
d4a1ia1    d.7.1               5
d2bska1    g.83.1              4
d3c0na2    f.8.1               3
d7lx0l_    f.31.1              2
d5r0db1    b.182.1             1
d1co4a_    g.47.1              1
d1o8ra_    d.234.1             1
d3bw6a1    d.110.4             7
d1g5ga1    f.12.1              1
d1crua_    b.68.2              1
d4a02a_    b.1.18             92
d1iyra_    a.164.1             1
d1mkna_    g.5.1               2
d5otna_    d.113.1            43
d2dk4a1    a.140.6             1
d7cohm_    f.23.7              1
d1ofda1    b.80.4              1
d2qam31    d.301.1             2
d1b33n_    d.30.1              1
d2d9ra1    b.129.2             2
d2im8a_    a.24.26             3
d3abfa_    d.80.1             26
d6hs4a1    f.64.1              1
d6slda1    a.5.3               3
d1wfua1    b.1.2             118
d2j01u1    a.144.2             1
d5gmza_    a.62.1              2
d1io1a_    e.32.1              1
##d2gb5a2    g.41.14             1 ##dali5 fail
d1wdea_    c.90.1              8
d2jn9a1    b.45.3              1
d1uc4g_    a.23.2              1
d3jvia1    c.44.1             13
d5hobg_    a.53.1              2
d2wb0x3    g.51.1              2
d2qupa_    a.24.29             2
d2bw3a1    a.270.1             1
d1lbua2    d.65.1              5
d7jflc_    a.153.1             2
d1p9ha_    b.81.3              1
d2ffga1    d.317.1             1
d2j01v1    b.155.1             1
d2wfha_    c.10.2             32
d7eq4a1    d.346.1             1
d2qsba1    a.29.14             2
d1c8za_    d.23.1              2
d1wh0a1    b.15.1             13
d7cohk_    f.23.5              1
d2apla1    a.258.1             1
d1vh4a_    b.80.6              1
d1jbia_    d.209.1             1
d2xaua4    a.289.1             3
d2j6ba1    d.321.1             2
d1pd0a4    d.109.2             2
d1t95a1    a.5.8               1
d1exea_    a.55.1              9
d2i52a1    d.316.1             2
d4f01a1    b.130.1             1
d1fk5a_    a.52.1              8
d3cmba1    d.347.1             2
d1ko6.1    b.119.1             1 ## g1ko6.1
d1k32a2    b.68.7              1
d5y5sh1    f.23.10             3
d3rlfg_    f.58.1              4
d2es4d1    a.137.15            1
d4he8k_    f.73.1              2
d1u5ma1    g.27.1              6
d2f66c1    a.2.17              4
d3tcra_    c.57.1             11
d2agyd_    g.21.1              1
d1hxra_    b.88.1              7
d3hmsa_    g.10.1              3
d6guwa_    d.42.1             22
d1fjgj_    d.58.15             1
d1tjla1    a.2.14              1
d5vi6a_    c.42.1             15
d1pu1a_    d.266.1             1
d5yhob_    d.290.1            10
d1uz3a_    a.283.1             1
d1y0na1    d.291.1             1
d5k87a2    d.21.1             23
d2qyfa_    d.135.1             1
d1ouva1    a.118.18            2
d2fyxa1    d.58.57             3
d2cfxa2    d.58.4             52
d1k8kd1    d.198.2             3
d5yzpa1    b.40.16             4
d2ijra1    e.66.1              1
d6q61a_    g.8.1              14
d2wqpa2    b.85.1              3
d2b1ya1    b.156.1             1
d1a1xa_    b.63.1              2
d1fjgr_    a.4.8               1
d2pbdp_    d.110.1             4
d1udka_    g.3.14              2
d1p9oa_    c.72.3              3
d1ecwa_    a.61.1              6
d2ppva_    c.143.1             2
d1njha1    b.128.1             1
d4dh2a1    b.2.2              22
d2inwa1    d.110.8             1
d2ia1a1    d.359.1             1
d4krea1    b.34.14             4
d1ugja1    b.41.1              4
d1pp9f_    f.27.1              2
d1k28d2    b.106.1            14
d1q90l_    f.23.24             2
d2v5ca3    a.246.1             2
d1lfpa_    e.39.1              3
d1ib8a1    b.38.2              1
d2ciwa1    a.39.3              2
d2cpta1    a.7.14              3
d1xr4a1    c.124.1            35
d1o5ha_    a.191.1             1
d1hs7a_    a.47.2              5
d5ng0a_    d.144.1           131
d1reqa1    c.1.19              5
d1qw9a1    b.71.1             50
d1m1ha1    b.114.1             1
d1lsha1    a.118.4             1
d2o4ta1    a.69.4              2
##d1sopa_    g.71.1              1 ##dali5 fail
d1dk0a_    d.35.1              2
d2nnua2    b.91.1              3
d2v5ca1    d.92.2              8
d2aexa_    d.248.1             1
d3zqka_    c.62.1             17
d1tu1a1    d.107.1             4
d4fywb2    g.41.7              2
d2cb8a_    a.11.1              3
d1hyka_    g.3.5               1
d1th8a1    d.122.1            18
d1a3xa3    c.49.1              5
d2geca1    b.148.1             2
d5y9ea_    b.121.6             3
d3o7qa_    f.38.1              8
d1zsoa1    b.166.1             2
d3bo5a_    b.85.7              8
d2grrb_    a.118.12            1
d6xrub2    c.23.4              4
d6v1ca_    g.16.1              2
d1vqta1    c.1.2              39
d2gria1    d.15.14             1
d2p7sa_    d.5.1               8
d2hh8a1    d.358.1             1
d6a1ia2    a.128.1            30
d3ooia1    f.54.1              5
d3l81a_    b.2.7               2
d2euca1    a.249.1             1
d3s2ra_    g.97.1              1
d1n2xa1    a.60.13             1
d5o5ta3    a.48.2              2
d6yv5a1    b.47.1             56
d1j27a_    d.58.50             1
d2rr4a1    g.50.2              2
d2vg0a_    c.101.1             8
d1seda_    a.219.1             1
d1w7ca1    b.30.2              5
d6qu6a_    b.21.1              7
d2dt7b1    a.217.1             4
d1k8ke_    a.148.1             1
d1u9la_    a.60.4              5
d5ii8a_    a.19.1              2
d2etda1    a.29.9              1
d1hdla_    g.68.1             13
d1jr2a_    c.113.1             2
d3t2ca_    d.280.1             1
d1zyma1    a.60.10             1
d2dbsa1    d.374.1             1
d1olza2    b.69.12             3
d1nqua_    c.16.1              3
d1xvha4    a.8.1               4
d3jv1a_    d.25.1              3
d1ecia_    a.33.1              1
d1xg4a_    c.1.12             19
d6ldla_    a.104.1            73
d2gqba1    a.282.1             1
d1ikta_    d.106.1            13
d4iyma_    c.82.1             35
d5h7fa_    d.61.1              6
d1fjgp_    d.27.1              3
d1sqha_    d.108.1           102
d1ivza1    d.58.41             1
d1qtsa2    d.105.1             3
d2auwa2    d.331.1             1
d1ogda_    c.133.1             3
d5xbxa1    b.52.1              8
d2f9ha1    b.161.1             1
d1cq3a_    b.27.1              1
d4bkha1    a.135.1             1
d4i0ua2    f.17.3              1
d3fxka2    a.159.1             1
d4xxbb_    g.41.11             7
d3eipa_    d.26.2              1
d1i8ta1    c.4.1               9
d2qp2a2    b.77.4              1
d4wisa2    d.58.64             1
d2ad6b_    a.137.2             1
d4a8ta1    c.78.1             21
d1vzya1    d.193.1             3
d2bjra2    b.169.1             3
d2ooda1    b.92.1             28
d2igda_    d.15.7              2
d1sknp_    a.37.1              2
d3t30a_    b.121.3             3
d2gsva1    a.23.7              1
d1pbua_    d.58.46             1
d3n6wa1    d.392.1             2
d3blda_    c.1.20              2
d1hn0a1    a.102.3             6
d1on2a2    a.76.1              2
d2f2ab1    a.182.1             4
d5r4oa_    a.29.2             31
d4w4ka_    a.25.4              2
d1g2ra_    d.192.1             1
##d1rutx1    g.39.1             65 ##dali5 fail
d1vq8h1    d.41.4              3
d2nn5a1    d.129.3            42
d1z2ia_    c.122.1             9
d1spbp_    d.58.3              7
d1nmoa_    c.135.1             6
d1sr2a_    a.24.10             9
d1f9ya_    d.58.30             1
d3m31a1    a.227.1             1
d1uoya_    g.3.19              1
d6ulla_    c.134.1             3
d2bw0a2    c.65.1              8
d3n2ta_    c.1.7              19
d1ikpa3    f.1.5               1
d3lmna_    d.324.1             1
d1b79a_    a.81.1              1
d3jb9x1    b.49.4              3
d2h6ua_    b.3.4               5
d2fgga1    d.50.5              1
d1kx9a_    a.118.21            1
d1wiha1    d.67.3              4
d1h9ra2    b.40.6             12
d1g0da3    b.1.5               8
d3jb9a5    d.394.1             1
d1h8pa1    g.14.1              7
d2a8ea1    d.296.1             2
d2ofca_    b.97.1              2
d1akya2    g.41.2              3
d1b0nb_    a.34.1              2
d4pqda_    d.170.2             1
d1b25a2    d.152.1             1
d5zx8a1    c.56.3              4
d3qhyb_    b.69.5              2
d1twda_    c.1.30              1
d1e2aa_    a.7.2               2
d5b5em_    f.23.35             1
d3tewa1    f.60.1              1
d3rrca1    a.264.1             3
d1jnra3    d.168.1             5
d4c3hd_    g.98.1              1
d2g7oa1    a.241.1             1
d2jfra_    d.219.1             7
d3sxua_    c.128.1             1
d3ilwa_    e.11.1              3
d6xcua1    f.23.30             1
