2021-07-24_00000031_1           6zu0_C
2021-07-24_00000036_1           7a1i_A
2021-07-24_00000067_1           7d86_A
2021-07-24_00000077_1           7dpx_A
2021-07-24_00000085_1           7eev_B
2021-07-24_00000127_1           7lp5_A
2021-07-24_00000143_1           7lz0_A
2021-07-24_00000148_1           7m1n_A
2021-07-24_00000194_2           7n10_B
2021-07-24_00000201_2           7n1n_B
2021-07-24_00000216_1           7o7a_A
2021-07-24_00000259_1           7rge_A
2021-07-24_00000266_1           7rjj_A
2021-07-31_00000034_1           7alj_A
2021-07-31_00000062_1           7cmx_A
2021-07-31_00000073_2           7d6c_5
2021-07-31_00000082_1           7dib_B
2021-07-31_00000116_1           7jka_A
2021-07-31_00000128_1           7jvx_A
2021-07-31_00000138_3           7kd2_C
2021-07-31_00000140_3           7kdu_C
2021-07-31_00000148_2           7km5_D
2021-07-31_00000149_1           7kpr_A
2021-07-31_00000154_1           7l4f_B
2021-07-31_00000198_1           7lu4_A
2021-07-31_00000202_1           7m5i_A
2021-07-31_00000222_1           7ney_A
2021-07-31_00000268_1           7sua_A
2021-08-07_00000001_1           6vr8_I
2021-08-07_00000007_1           6z5y_A
2021-08-07_00000012_1           6zxq_A
2021-08-07_00000029_1           7aw8_A
2021-08-07_00000031_1           7b5t_A
2021-08-07_00000033_1           7b5w_A
2021-08-07_00000048_1           7cpr_A
2021-08-07_00000056_1           7d9b_A
2021-08-07_00000078_1           7eiv_B
2021-08-07_00000134_1           7lzl_A
2021-08-07_00000173_2           7olz_B
2021-08-14_00000005_1           6zz9_A
2021-08-14_00000010_1           6zzl_A
2021-08-14_00000013_1           7a03_B
2021-08-14_00000015_1           7a0h_A
2021-08-14_00000035_1           7ak7_A
2021-08-14_00000037_2           7ak9_C
2021-08-14_00000044_1           7cb8_A
2021-08-14_00000048_1           7crn_A
2021-08-14_00000053_1           7cym_B
2021-08-14_00000055_1           7d88_A
2021-08-14_00000059_1           7dvi_A
2021-08-14_00000063_3           7e62_C
2021-08-14_00000070_1           7f9k_A
2021-08-14_00000080_1           7kj6_A
2021-08-14_00000090_1           7me6_A
2021-08-14_00000128_1           7ref_A
2021-08-21_00000005_1           6wce_A
2021-08-21_00000056_1           7a3w_B
2021-08-21_00000059_1           7ae4_A
2021-08-21_00000066_2           7apj_B
2021-08-21_00000085_1           7cuh_A
2021-08-21_00000087_1           7cuj_A
2021-08-21_00000094_2           7d2y_C
2021-08-21_00000096_2           7d8b_B
2021-08-21_00000103_1           7dhq_A
2021-08-21_00000105_1           7duf_A
2021-08-21_00000116_1           7ejo_A
2021-08-21_00000142_2           7kyp_F
2021-08-21_00000161_1           7lvo_A
2021-08-21_00000167_1           7m7k_B
2021-08-21_00000216_1           7ocx_B
2021-08-21_00000237_1           7rt0_A
2021-08-28_00000082_1           7cwj_B
2021-08-28_00000085_1           7cwv_D
2021-08-28_00000086_1           7cwx_A
2021-08-28_00000106_1           7dbe_B
2021-08-28_00000135_1           7fe0_A
2021-08-28_00000174_1           7lpo_B
2021-08-28_00000220_1           7odx_A
2021-08-28_00000235_1           7phy_A
2021-08-28_00000241_1           7rk0_B
2021-09-04_00000002_1           6wsk_A
2021-09-04_00000005_1           7aj0_A
2021-09-04_00000008_1           7bnk_A
2021-09-04_00000017_1           7czc_B
2021-09-04_00000026_1           7dek_F
2021-09-04_00000030_1           7drm_A
2021-09-04_00000041_1           7w8a_A
2021-09-04_00000042_1           7ev5_A
2021-09-04_00000056_1           7fg6_A
2021-09-04_00000073_1           7jvi_A
2021-09-04_00000074_1           7jvt_D
2021-09-04_00000091_1           7kx0_A
2021-09-04_00000092_1           7l0o_A
2021-09-04_00000112_1           7mmx_C
2021-09-04_00000120_1           7myz_C
2021-09-04_00000140_1           7o06_A
2021-09-04_00000166_2           7rag_B
2021-09-11_00000000_1           6kvr_A
2021-09-11_00000005_1           7aaw_A
2021-09-11_00000020_1           7cww_A
2021-09-11_00000022_1           7cyv_H
2021-09-11_00000028_1           7d4k_A
2021-09-11_00000031_1           7dev_A
2021-09-11_00000040_1           7ebd_A
2021-09-11_00000041_1           7ebl_B
2021-09-11_00000043_1           7et4_D
2021-09-11_00000078_1           7lu8_A
2021-09-11_00000086_1           7mjv_A
2021-09-11_00000097_1           7mpr_A
2021-09-11_00000114_1           7mww_E
2021-09-11_00000134_1           7o0s_A
2021-09-11_00000135_1           7o1r_A
2021-09-11_00000191_1           7rei_A
2021-09-18_00000032_1           7bgg_A
2021-09-18_00000037_1           7bly_A
2021-09-18_00000039_1           7cz9_B
2021-09-18_00000042_1           7d2w_A
2021-09-18_00000055_1           7e6g_A
2021-09-18_00000068_1           7jta_A
2021-09-18_00000069_1           7jua_A
2021-09-18_00000109_1           7ksn_A
2021-09-18_00000138_1           7lm0_A
2021-09-18_00000147_1           7m1w_A
2021-09-18_00000186_1           7o86_A
2021-09-18_00000195_2           7rih_B
2021-09-18_00000196_1           7rij_A
2021-09-18_00000223_1           7s3u_A
2021-09-18_00000233_1           7s5n_B
2021-09-25_00000011_1           7ba4_A
2021-09-25_00000017_1           7czo_A
2021-09-25_00000028_1           7dg7_A
2021-09-25_00000029_1           7dg9_A
2021-09-25_00000037_1           7dlw_B
2021-09-25_00000041_1           7du6_A
2021-09-25_00000042_1           7du7_A
2021-09-25_00000045_1           7dvr_A
2021-09-25_00000052_1           7dxs_C
2021-09-25_00000055_1           7dxv_B
2021-09-25_00000056_1           7dxw_A
2021-09-25_00000061_1           7e24_D
2021-09-25_00000064_2           7e57_C
2021-09-25_00000098_1           7k3s_A
2021-09-25_00000122_1           7ltc_A
2021-09-25_00000131_1           7mbf_A
2021-09-25_00000134_1           7mj0_C
2021-10-02_00000013_1           7a59_B
2021-10-02_00000018_1           7a73_A
2021-10-02_00000030_1           7aao_A
2021-10-02_00000050_1           7agj_A
2021-10-02_00000067_1           7aj6_L
2021-10-02_00000091_1           7bmu_A
2021-10-02_00000097_1           7bsx_A
2021-10-02_00000106_1           7d3y_A
2021-10-02_00000109_1           7d50_B
2021-10-02_00000126_1           7e4m_A
2021-10-02_00000151_1           7jyp_A
2021-10-02_00000203_1           7n79_A
2021-10-02_00000224_1           7ny0_A
2021-10-02_00000228_1           7og3_A
2021-10-02_00000244_1           7p01_A
2021-10-02_00000287_1           7sbc_C
2021-10-09_00000026_1           7d6l_A
2021-10-09_00000027_1           7d8r_A
2021-10-09_00000028_1           7d8s_A
2021-10-09_00000069_1           7jrk_A
2021-10-09_00000188_1           7p2f_A
2021-10-09_00000205_1           7pmu_A
2021-10-09_00000208_1           7r65_A
2021-10-09_00000209_2           7rk1_C
2021-10-09_00000210_2           7rk2_C
2021-10-09_00000228_1           7s6e_B
2021-10-16_00000011_1           7amc_A
2021-10-16_00000035_1           7da9_A
2021-10-16_00000038_1           7dah_E
2021-10-16_00000051_2           7dnm_B
2021-10-16_00000055_1           7eea_A
2021-10-16_00000059_1           7eft_B
2021-10-16_00000086_1           7kgc_A
2021-10-16_00000103_1           7nmb_A
2021-10-16_00000105_1           7o62_B
2021-10-16_00000129_1           7p1b_C
2021-10-16_00000138_1           7p1v_A
2021-10-16_00000176_1           7rrm_C
2021-10-16_00000181_2           7s13_L
2021-10-16_00000181_3           7s13_C
2021-10-16_00000187_1           7sh3_A
