6sje_B   1129
4ogc_A    869
5zji_B    733
8b2x_M    649
7ogr_C    612
6wts_B    532
1jvz_B    508
5jiw_A    499
8fd3_I    494
4f3e_B    473
6r7o_B    430
8dzj_A    416
6lhx_B    398
5jhe_A    388
7c7l_B    372
5uxh_A    349
6ifn_H    345
7bdv_D    338
8dmb_P    328
3gsm_A    324
3vbe_D    317
4qts_B    308
7t4e_G    307
4yzh_A    294
4ilm_L    278
7nc7_B    272
5two_A    270
6maj_A    266
4w8w_C    255
4rdp_A    250
4odi_A    246
7ds8_B    242
6uxf_A    240
7vbr_A    237
3sk9_A    230
4nu7_D    226
5x3s_A    223
6eki_B    222
6xwy_D    216
2y9h_E    211
